#
# There is insufficient memory for the Java Runtime Environment to continue.
# Native memory allocation (mmap) failed to map 254431232 bytes for committing reserved memory.
# Possible reasons:
#   The system is out of physical RAM or swap space
#   The process is running with CompressedOops enabled, and the Java Heap may be blocking the growth of the native heap
# Possible solutions:
#   Reduce memory load on the system
#   Increase physical memory or swap space
#   Check if swap backing store is full
#   Decrease Java heap size (-Xmx/-Xms)
#   Decrease number of Java threads
#   Decrease Java thread stack sizes (-Xss)
#   Set larger code cache with -XX:ReservedCodeCacheSize=
#   JVM is running with Unscaled Compressed Oops mode in which the Java heap is
#     placed in the first 4GB address space. The Java Heap base address is the
#     maximum limit for the native heap growth. Please use -XX:HeapBaseMinAddress
#     to set the Java Heap base and to place the Java Heap above 4GB virtual address.
# This output file may be truncated or incomplete.
#
#  Out of Memory Error (os_linux.cpp:2647), pid=1913, tid=1918
#
# JRE version: Java(TM) SE Runtime Environment (9.0+11) (build 9.0.4+11)
# Java VM: Java HotSpot(TM) 64-Bit Server VM (9.0.4+11, mixed mode, tiered, compressed oops, serial gc, linux-amd64)
# Core dump will be written. Default location: Core dumps may be processed with "/usr/share/apport/apport %p %s %c %d %P" (or dumping to /home/vagrant/shared/xic/core.1913)
#

---------------  S U M M A R Y ------------

Command Line: -XX:+HeapDumpOnOutOfMemoryError -Xmx1024m -Dfile.encoding=UTF-8 -Duser.country=US -Duser.language=en -Duser.variant org.gradle.launcher.daemon.bootstrap.GradleDaemon 4.5

Host: Intel(R) Core(TM) i7-4720HQ CPU @ 2.60GHz, 1 cores, 992M, Ubuntu 16.04.3 LTS
Time: Wed May 16 17:26:25 2018 UTC elapsed time: 20 seconds (0d 0h 0m 20s)

---------------  T H R E A D  ---------------

Current thread (0x00007fbbf808a000):  VMThread "VM Thread" [stack: 0x00007fbbfd127000,0x00007fbbfd227000] [id=1918]

Stack: [0x00007fbbfd127000,0x00007fbbfd227000],  sp=0x00007fbbfd225260,  free space=1016k
Native frames: (J=compiled Java code, A=aot compiled Java code, j=interpreted, Vv=VM code, C=native code)
V  [libjvm.so+0xd4c6c2]  VMError::report_and_die(int, char const*, char const*, __va_list_tag*, Thread*, unsigned char*, void*, void*, char const*, int, unsigned long)+0x162
V  [libjvm.so+0xd4d32b]  VMError::report_and_die(Thread*, char const*, int, unsigned long, VMErrorType, char const*, __va_list_tag*)+0x2b
V  [libjvm.so+0x654ac8]  report_vm_out_of_memory(char const*, int, unsigned long, VMErrorType, char const*, ...)+0xd8
V  [libjvm.so+0xb68122]  os::pd_commit_memory(char*, unsigned long, unsigned long, bool)+0xf2
V  [libjvm.so+0xb625cf]  os::commit_memory(char*, unsigned long, unsigned long, bool)+0x1f
V  [libjvm.so+0xd46003]  VirtualSpace::expand_by(unsigned long, bool)+0x1c3
V  [libjvm.so+0x541031]  CardGeneration::grow_by(unsigned long)+0x31
V  [libjvm.so+0x5411c5]  CardGeneration::expand(unsigned long, unsigned long)+0x55
V  [libjvm.so+0xce3157]  TenuredGeneration::expand(unsigned long, unsigned long)+0x37
V  [libjvm.so+0x541a61]  CardGeneration::compute_new_size()+0x6d1
V  [libjvm.so+0x7987f8]  GenCollectedHeap::do_collection(bool, bool, unsigned long, bool, GenCollectedHeap::GenerationType)+0x988
V  [libjvm.so+0x5e271f]  GenCollectorPolicy::satisfy_failed_allocation(unsigned long, bool)+0x9f
V  [libjvm.so+0xd4d781]  VM_GenCollectForAllocation::doit()+0x81
V  [libjvm.so+0xd5d4f9]  VM_Operation::evaluate()+0x59
V  [libjvm.so+0xd5b243]  VMThread::evaluate_operation(VM_Operation*)+0xc3
V  [libjvm.so+0xd5b7b0]  VMThread::loop()+0x210
V  [libjvm.so+0xd5bcc2]  VMThread::run()+0x72
V  [libjvm.so+0xb6e132]  thread_native_entry(Thread*)+0xf2

VM_Operation (0x00007fbbdc395ee0): GenCollectForAllocation, mode: safepoint, requested by thread 0x00007fbbd0006800


---------------  P R O C E S S  ---------------

Java Threads: ( => current thread )
  0x0000000001a47000 JavaThread "Cache worker for Build Output Cleanup Cache (/home/vagrant/shared/xic/.gradle/buildOutputCleanup)" [_thread_blocked, id=1949, stack(0x00007fbbbe7fa000,0x00007fbbbe8fb000)]
  0x0000000001a45800 JavaThread "Cache worker for task history cache (/home/vagrant/shared/xic/.gradle/4.5/taskHistory)" [_thread_blocked, id=1948, stack(0x00007fbbbe6f9000,0x00007fbbbe7fa000)]
  0x0000000001a44000 JavaThread "Cache worker for file content cache (/home/vagrant/shared/xic/.gradle/4.5/fileContent)" [_thread_blocked, id=1947, stack(0x00007fbbbe5f8000,0x00007fbbbe6f9000)]
  0x000000000155f800 JavaThread "Cache worker for Artifact transforms cache (/home/vagrant/.gradle/caches/transforms-1)" [_thread_blocked, id=1943, stack(0x00007fbbbeefb000,0x00007fbbbeffc000)]
  0x00000000014e0800 JavaThread "Memory manager" [_thread_blocked, id=1942, stack(0x00007fbbbf1fc000,0x00007fbbbf2fd000)]
  0x00000000011c8800 JavaThread "Cache worker for file hash cache (/home/vagrant/shared/xic/.gradle/4.5/fileHashes)" [_thread_blocked, id=1941, stack(0x00007fbbbfafd000,0x00007fbbbfbfe000)]
  0x00000000011a1000 JavaThread "File lock request listener" [_thread_in_native, id=1940, stack(0x00007fbbbfbfe000,0x00007fbbbfcff000)]
  0x0000000001190800 JavaThread "Cache worker for file hash cache (/home/vagrant/.gradle/caches/4.5/fileHashes)" [_thread_blocked, id=1939, stack(0x00007fbbbfeff000,0x00007fbbc0000000)]
  0x000000000109c000 JavaThread "Stdin handler" [_thread_blocked, id=1938, stack(0x00007fbbdc099000,0x00007fbbdc19a000)]
  0x000000000109a800 JavaThread "Asynchronous log dispatcher for DefaultDaemonConnection: socket connection from /0:0:0:0:0:0:0:1:38490 to /0:0:0:0:0:0:0:1:39482" [_thread_blocked, id=1937, stack(0x00007fbbdc19a000,0x00007fbbdc29b000)]
  0x00007fbbd0006800 JavaThread "Daemon worker" [_thread_blocked, id=1934, stack(0x00007fbbdc29b000,0x00007fbbdc39c000)]
  0x00007fbbd0008800 JavaThread "Cancel handler" [_thread_blocked, id=1933, stack(0x00007fbbdc39c000,0x00007fbbdc49d000)]
  0x00007fbbd0005800 JavaThread "Handler for socket connection from /0:0:0:0:0:0:0:1:38490 to /0:0:0:0:0:0:0:1:39482" [_thread_in_native, id=1932, stack(0x00007fbbdc69d000,0x00007fbbdc79e000)]
  0x00007fbbc8018800 JavaThread "Daemon" [_thread_blocked, id=1931, stack(0x00007fbbdc79e000,0x00007fbbdc89f000)]
  0x00007fbbf8d1a000 JavaThread "Daemon periodic checks" [_thread_blocked, id=1930, stack(0x00007fbbdc89f000,0x00007fbbdc9a0000)]
  0x00007fbbf8d02800 JavaThread "Incoming local TCP Connector on port 38490" [_thread_in_native, id=1929, stack(0x00007fbbdc9a0000,0x00007fbbdcaa1000)]
  0x00007fbbf8cb2000 JavaThread "Daemon health stats" [_thread_blocked, id=1928, stack(0x00007fbbdcca1000,0x00007fbbdcda2000)]
  0x00007fbbf8151800 JavaThread "Service Thread" daemon [_thread_blocked, id=1926, stack(0x00007fbbfc35e000,0x00007fbbfc45f000)]
  0x00007fbbf80c9800 JavaThread "Common-Cleaner" daemon [_thread_blocked, id=1925, stack(0x00007fbbfc45f000,0x00007fbbfc560000)]
  0x00007fbbf80bd000 JavaThread "Sweeper thread" daemon [_thread_blocked, id=1924, stack(0x00007fbbfc988000,0x00007fbbfca89000)]
  0x00007fbbf80bb000 JavaThread "C1 CompilerThread1" daemon [_thread_blocked, id=1923, stack(0x00007fbbfca89000,0x00007fbbfcb8a000)]
  0x00007fbbf80b9000 JavaThread "C2 CompilerThread0" daemon [_thread_blocked, id=1922, stack(0x00007fbbfcb8a000,0x00007fbbfcc8b000)]
  0x00007fbbf80b7000 JavaThread "Signal Dispatcher" daemon [_thread_blocked, id=1921, stack(0x00007fbbfcc8b000,0x00007fbbfcd8c000)]
  0x00007fbbf809c000 JavaThread "Finalizer" daemon [_thread_blocked, id=1920, stack(0x00007fbbfcf24000,0x00007fbbfd025000)]
  0x00007fbbf8094000 JavaThread "Reference Handler" daemon [_thread_blocked, id=1919, stack(0x00007fbbfd025000,0x00007fbbfd126000)]
  0x00007fbbf8011800 JavaThread "main" [_thread_blocked, id=1914, stack(0x00007fbc01638000,0x00007fbc01738000)]

Other Threads:
=>0x00007fbbf808a000 VMThread "VM Thread" [stack: 0x00007fbbfd127000,0x00007fbbfd227000] [id=1918]
  0x00007fbbf8154000 WatcherThread [stack: 0x00007fbbfc25e000,0x00007fbbfc35e000] [id=1927]

Threads with active compile tasks:
C2 CompilerThread04509       4       parser.UnifiedExample::findExample (2214 bytes)

VM state:at safepoint (normal execution)

VM Mutex/Monitor currently owned by a thread:  ([mutex/lock_event])
[0x00007fbbf800d8c0] Threads_lock - owner thread: 0x00007fbbf808a000
[0x00007fbbf800de60] Heap_lock - owner thread: 0x00007fbbd0006800

Heap address: 0x00000000c0000000, size: 1024 MB, Compressed Oops mode: 32-bit
Narrow klass base: 0x0000000000000000, Narrow klass shift: 3
Compressed class space size: 1073741824 Address: 0x0000000100000000

Heap:
 def new generation   total 150400K, used 9451K [0x00000000c0000000, 0x00000000ca330000, 0x00000000d5550000)
  eden space 133696K,   7% used [0x00000000c0000000, 0x00000000c093ad28, 0x00000000c8290000)
  from space 16704K,   0% used [0x00000000c8290000, 0x00000000c8290000, 0x00000000c92e0000)
  to   space 16704K,   0% used [0x00000000c92e0000, 0x00000000c92e0000, 0x00000000ca330000)
 tenured generation   total 372700K, used 372699K [0x00000000d5550000, 0x00000000ec147000, 0x0000000100000000)
   the space 372700K,  99% used [0x00000000d5550000, 0x00000000ec146ff8, 0x00000000ec147000, 0x00000000ec147000)
 Metaspace       used 42461K, capacity 43460K, committed 43776K, reserved 1087488K
  class space    used 5527K, capacity 5784K, committed 5888K, reserved 1048576K

Card table byte_map: [0x00007fbbfdbf3000,0x00007fbbfddf4000] byte_map_base: 0x00007fbbfd5f3000

Polling page: 0x00007fbc01746000

CodeHeap 'non-profiled nmethods': size=120036Kb used=2104Kb max_used=2104Kb free=117931Kb
 bounds [0x00007fbbe560a000, 0x00007fbbe587a000, 0x00007fbbecb43000]
CodeHeap 'profiled nmethods': size=120032Kb used=9352Kb max_used=9352Kb free=110679Kb
 bounds [0x00007fbbde0d2000, 0x00007fbbdea02000, 0x00007fbbe560a000]
CodeHeap 'non-nmethods': size=5692Kb used=2310Kb max_used=2357Kb free=3381Kb
 bounds [0x00007fbbddb43000, 0x00007fbbdddb3000, 0x00007fbbde0d2000]
 total_blobs=6028 nmethods=4464 adapters=644
 compilation: enabled

Compilation events (10 events):
Event: 16.519 Thread 0x00007fbbf80bb000 4505       2       java.lang.management.ManagementFactory$PlatformMBeanFinder$$Lambda$54/317562294::test (12 bytes)
Event: 16.519 Thread 0x00007fbbf80bb000 nmethod 4505 0x00007fbbde9e3390 code [0x00007fbbde9e3560, 0x00007fbbde9e3750]
Event: 17.065 Thread 0x00007fbbf80bb000 4507 %     3       parser.UnifiedExample$SearchState::reduce1 @ 625 (843 bytes)
Event: 17.068 Thread 0x00007fbbf80bb000 nmethod 4507% 0x00007fbbde9e3810 code [0x00007fbbde9e40a0, 0x00007fbbde9e97b8]
Event: 17.074 Thread 0x00007fbbf80bb000 4508       3       parser.UnifiedExample$SearchState::reduce1 (843 bytes)
Event: 17.078 Thread 0x00007fbbf80bb000 nmethod 4508 0x00007fbbde9eb990 code [0x00007fbbde9ec280, 0x00007fbbde9f1ca8]
Event: 18.287 Thread 0x00007fbbf80b9000 nmethod 4502% 0x00007fbbe5807010 code [0x00007fbbe5807a00, 0x00007fbbe580ff98]
Event: 18.287 Thread 0x00007fbbf80b9000 4506       4       java.util.AbstractCollection::toArray (70 bytes)
Event: 18.291 Thread 0x00007fbbf80b9000 nmethod 4506 0x00007fbbe5817d10 code [0x00007fbbe5817ec0, 0x00007fbbe5818118]
Event: 18.291 Thread 0x00007fbbf80b9000 4509       4       parser.UnifiedExample::findExample (2214 bytes)

GC Heap History (10 events):
Event: 16.305 GC heap after
{Heap after GC invocations=64 (full 10):
 def new generation   total 150400K, used 0K [0x00000000c0000000, 0x00000000ca330000, 0x00000000d5550000)
  eden space 133696K,   0% used [0x00000000c0000000, 0x00000000c0000000, 0x00000000c8290000)
  from space 16704K,   0% used [0x00000000c92e0000, 0x00000000c92e0000, 0x00000000ca330000)
  to   space 16704K,   0% used [0x00000000c8290000, 0x00000000c8290000, 0x00000000c92e0000)
 tenured generation   total 333916K, used 100832K [0x00000000d5550000, 0x00000000e9b67000, 0x0000000100000000)
   the space 333916K,  30% used [0x00000000d5550000, 0x00000000db7c8120, 0x00000000db7c8200, 0x00000000e9b67000)
 Metaspace       used 42458K, capacity 43460K, committed 43776K, reserved 1087488K
  class space    used 5527K, capacity 5784K, committed 5888K, reserved 1048576K
}
Event: 16.576 GC heap before
{Heap before GC invocations=64 (full 10):
 def new generation   total 150400K, used 133696K [0x00000000c0000000, 0x00000000ca330000, 0x00000000d5550000)
  eden space 133696K, 100% used [0x00000000c0000000, 0x00000000c8290000, 0x00000000c8290000)
  from space 16704K,   0% used [0x00000000c92e0000, 0x00000000c92e0000, 0x00000000ca330000)
  to   space 16704K,   0% used [0x00000000c8290000, 0x00000000c8290000, 0x00000000c92e0000)
 tenured generation   total 333916K, used 100832K [0x00000000d5550000, 0x00000000e9b67000, 0x0000000100000000)
   the space 333916K,  30% used [0x00000000d5550000, 0x00000000db7c8120, 0x00000000db7c8200, 0x00000000e9b67000)
 Metaspace       used 42461K, capacity 43460K, committed 43776K, reserved 1087488K
  class space    used 5527K, capacity 5784K, committed 5888K, reserved 1048576K
}
Event: 16.907 GC heap after
{Heap after GC invocations=65 (full 10):
 def new generation   total 150400K, used 16703K [0x00000000c0000000, 0x00000000ca330000, 0x00000000d5550000)
  eden space 133696K,   0% used [0x00000000c0000000, 0x00000000c0000000, 0x00000000c8290000)
  from space 16704K,  99% used [0x00000000c8290000, 0x00000000c92dfff0, 0x00000000c92e0000)
  to   space 16704K,   0% used [0x00000000c92e0000, 0x00000000c92e0000, 0x00000000ca330000)
 tenured generation   total 333916K, used 141650K [0x00000000d5550000, 0x00000000e9b67000, 0x0000000100000000)
   the space 333916K,  42% used [0x00000000d5550000, 0x00000000ddfa4be8, 0x00000000ddfa4c00, 0x00000000e9b67000)
 Metaspace       used 42461K, capacity 43460K, committed 43776K, reserved 1087488K
  class space    used 5527K, capacity 5784K, committed 5888K, reserved 1048576K
}
Event: 17.227 GC heap before
{Heap before GC invocations=65 (full 10):
 def new generation   total 150400K, used 150399K [0x00000000c0000000, 0x00000000ca330000, 0x00000000d5550000)
  eden space 133696K, 100% used [0x00000000c0000000, 0x00000000c8290000, 0x00000000c8290000)
  from space 16704K,  99% used [0x00000000c8290000, 0x00000000c92dfff0, 0x00000000c92e0000)
  to   space 16704K,   0% used [0x00000000c92e0000, 0x00000000c92e0000, 0x00000000ca330000)
 tenured generation   total 333916K, used 141650K [0x00000000d5550000, 0x00000000e9b67000, 0x0000000100000000)
   the space 333916K,  42% used [0x00000000d5550000, 0x00000000ddfa4be8, 0x00000000ddfa4c00, 0x00000000e9b67000)
 Metaspace       used 42461K, capacity 43460K, committed 43776K, reserved 1087488K
  class space    used 5527K, capacity 5784K, committed 5888K, reserved 1048576K
}
Event: 17.497 GC heap after
{Heap after GC invocations=66 (full 10):
 def new generation   total 150400K, used 16703K [0x00000000c0000000, 0x00000000ca330000, 0x00000000d5550000)
  eden space 133696K,   0% used [0x00000000c0000000, 0x00000000c0000000, 0x00000000c8290000)
  from space 16704K,  99% used [0x00000000c92e0000, 0x00000000ca32fff8, 0x00000000ca330000)
  to   space 16704K,   0% used [0x00000000c8290000, 0x00000000c8290000, 0x00000000c92e0000)
 tenured generation   total 333916K, used 196583K [0x00000000d5550000, 0x00000000e9b67000, 0x0000000100000000)
   the space 333916K,  58% used [0x00000000d5550000, 0x00000000e1549cd0, 0x00000000e1549e00, 0x00000000e9b67000)
 Metaspace       used 42461K, capacity 43460K, committed 43776K, reserved 1087488K
  class space    used 5527K, capacity 5784K, committed 5888K, reserved 1048576K
}
Event: 17.835 GC heap before
{Heap before GC invocations=66 (full 10):
 def new generation   total 150400K, used 150399K [0x00000000c0000000, 0x00000000ca330000, 0x00000000d5550000)
  eden space 133696K, 100% used [0x00000000c0000000, 0x00000000c8290000, 0x00000000c8290000)
  from space 16704K,  99% used [0x00000000c92e0000, 0x00000000ca32fff8, 0x00000000ca330000)
  to   space 16704K,   0% used [0x00000000c8290000, 0x00000000c8290000, 0x00000000c92e0000)
 tenured generation   total 333916K, used 196583K [0x00000000d5550000, 0x00000000e9b67000, 0x0000000100000000)
   the space 333916K,  58% used [0x00000000d5550000, 0x00000000e1549cd0, 0x00000000e1549e00, 0x00000000e9b67000)
 Metaspace       used 42461K, capacity 43460K, committed 43776K, reserved 1087488K
  class space    used 5527K, capacity 5784K, committed 5888K, reserved 1048576K
}
Event: 18.265 GC heap after
{Heap after GC invocations=67 (full 10):
 def new generation   total 150400K, used 16703K [0x00000000c0000000, 0x00000000ca330000, 0x00000000d5550000)
  eden space 133696K,   0% used [0x00000000c0000000, 0x00000000c0000000, 0x00000000c8290000)
  from space 16704K,  99% used [0x00000000c8290000, 0x00000000c92dfff8, 0x00000000c92e0000)
  to   space 16704K,   0% used [0x00000000c92e0000, 0x00000000c92e0000, 0x00000000ca330000)
 tenured generation   total 333916K, used 255087K [0x00000000d5550000, 0x00000000e9b67000, 0x0000000100000000)
   the space 333916K,  76% used [0x00000000d5550000, 0x00000000e4e6bef8, 0x00000000e4e6c000, 0x00000000e9b67000)
 Metaspace       used 42461K, capacity 43460K, committed 43776K, reserved 1087488K
  class space    used 5527K, capacity 5784K, committed 5888K, reserved 1048576K
}
Event: 18.549 GC heap before
{Heap before GC invocations=67 (full 10):
 def new generation   total 150400K, used 150399K [0x00000000c0000000, 0x00000000ca330000, 0x00000000d5550000)
  eden space 133696K, 100% used [0x00000000c0000000, 0x00000000c8290000, 0x00000000c8290000)
  from space 16704K,  99% used [0x00000000c8290000, 0x00000000c92dfff8, 0x00000000c92e0000)
  to   space 16704K,   0% used [0x00000000c92e0000, 0x00000000c92e0000, 0x00000000ca330000)
 tenured generation   total 333916K, used 255087K [0x00000000d5550000, 0x00000000e9b67000, 0x0000000100000000)
   the space 333916K,  76% used [0x00000000d5550000, 0x00000000e4e6bef8, 0x00000000e4e6c000, 0x00000000e9b67000)
 Metaspace       used 42461K, capacity 43460K, committed 43776K, reserved 1087488K
  class space    used 5527K, capacity 5784K, committed 5888K, reserved 1048576K
}
Event: 18.836 GC heap after
{Heap after GC invocations=68 (full 10):
 def new generation   total 150400K, used 16703K [0x00000000c0000000, 0x00000000ca330000, 0x00000000d5550000)
  eden space 133696K,   0% used [0x00000000c0000000, 0x00000000c0000000, 0x00000000c8290000)
  from space 16704K,  99% used [0x00000000c92e0000, 0x00000000ca32fff8, 0x00000000ca330000)
  to   space 16704K,   0% used [0x00000000c8290000, 0x00000000c8290000, 0x00000000c92e0000)
 tenured generation   total 333916K, used 313585K [0x00000000d5550000, 0x00000000e9b67000, 0x0000000100000000)
   the space 333916K,  93% used [0x00000000d5550000, 0x00000000e878c768, 0x00000000e878c800, 0x00000000e9b67000)
 Metaspace       used 42461K, capacity 43460K, committed 43776K, reserved 1087488K
  class space    used 5527K, capacity 5784K, committed 5888K, reserved 1048576K
}
Event: 19.149 GC heap before
{Heap before GC invocations=68 (full 10):
 def new generation   total 150400K, used 150399K [0x00000000c0000000, 0x00000000ca330000, 0x00000000d5550000)
  eden space 133696K, 100% used [0x00000000c0000000, 0x00000000c8290000, 0x00000000c8290000)
  from space 16704K,  99% used [0x00000000c92e0000, 0x00000000ca32fff8, 0x00000000ca330000)
  to   space 16704K,   0% used [0x00000000c8290000, 0x00000000c8290000, 0x00000000c92e0000)
 tenured generation   total 333916K, used 313585K [0x00000000d5550000, 0x00000000e9b67000, 0x0000000100000000)
   the space 333916K,  93% used [0x00000000d5550000, 0x00000000e878c768, 0x00000000e878c800, 0x00000000e9b67000)
 Metaspace       used 42461K, capacity 43460K, committed 43776K, reserved 1087488K
  class space    used 5527K, capacity 5784K, committed 5888K, reserved 1048576K
}

Deoptimization events (10 events):
Event: 8.993 Thread 0x00007fbbd0006800 Uncommon trap: reason=unstable_if action=reinterpret pc=0x00007fbbe574be30 method=java.lang.AbstractStringBuilder.putStringAt(ILjava/lang/String;)V @ 8 c2
Event: 8.993 Thread 0x00007fbbd0006800 Uncommon trap: reason=unstable_if action=reinterpret pc=0x00007fbbe5729160 method=java.lang.String.getBytes([BIB)V @ 5 c2
Event: 9.333 Thread 0x00007fbbd0006800 Uncommon trap: reason=unstable_if action=reinterpret pc=0x00007fbbe57c1cf0 method=java.lang.String.getBytes([BIB)V @ 5 c2
Event: 9.334 Thread 0x00007fbbd0006800 Uncommon trap: reason=unstable_if action=reinterpret pc=0x00007fbbe56e6c20 method=java.lang.String.getChars(II[CI)V @ 23 c2
Event: 9.337 Thread 0x00007fbbd0006800 Uncommon trap: reason=unstable_if action=reinterpret pc=0x00007fbbe56b3ef8 method=java.lang.StringUTF16.compress([CII)[B @ 13 c2
Event: 9.337 Thread 0x00007fbbd0006800 Uncommon trap: reason=unstable_if action=reinterpret pc=0x00007fbbe565ab3c method=java.lang.String.substring(II)Ljava/lang/String; @ 31 c2
Event: 9.337 Thread 0x00007fbbd0006800 Uncommon trap: reason=unstable_if action=reinterpret pc=0x00007fbbe5660f78 method=java.lang.StringUTF16.compress([CI[BII)I @ 20 c2
Event: 11.809 Thread 0x00007fbbf8d1a000 Uncommon trap: reason=speculate_class_check action=maybe_recompile pc=0x00007fbbe57d16ec method=java.util.AbstractList.listIterator()Ljava/util/ListIterator; @ 2 c2
Event: 14.340 Thread 0x00007fbbd0006800 Uncommon trap: reason=unstable_if action=reinterpret pc=0x00007fbbe57cf138 method=java.util.LinkedList.addAll(ILjava/util/Collection;)Z @ 28 c2
Event: 17.031 Thread 0x00007fbbd0006800 Uncommon trap: reason=null_check action=make_not_entrant pc=0x00007fbbe57fe270 method=parser.UnifiedExample.add(Ljava/util/PriorityQueue;Ljava/util/Map;Ljava/util/Map;Lparser/UnifiedExample$SearchState;)V @ 51 c2

Classes redefined (0 events):
No events

Internal exceptions (10 events):
Event: 8.398 Thread 0x00007fbbd0006800 Exception <a 'java/lang/ClassNotFoundException'{0x00000000c08e8c20}: [Ljava/lang/String;BeanInfo> (0x00000000c08e8c20) thrown at [/scratch/opt/mach5/mesos/work_dir/slaves/5af44a71-976a-41b7-81de-5773b84ec572-S39643/frameworks/1735e8a2-a1db-478c-8104-60c8b
Event: 8.398 Thread 0x00007fbbd0006800 Exception <a 'java/lang/ClassNotFoundException'{0x00000000c08e9618}: [Ljava/lang/String;BeanInfo> (0x00000000c08e9618) thrown at [/scratch/opt/mach5/mesos/work_dir/slaves/5af44a71-976a-41b7-81de-5773b84ec572-S39643/frameworks/1735e8a2-a1db-478c-8104-60c8b
Event: 8.398 Thread 0x00007fbbd0006800 Exception <a 'java/lang/ClassNotFoundException'{0x00000000c08ea0d0}: [Ljava/lang/String;Customizer> (0x00000000c08ea0d0) thrown at [/scratch/opt/mach5/mesos/work_dir/slaves/5af44a71-976a-41b7-81de-5773b84ec572-S39643/frameworks/1735e8a2-a1db-478c-8104-60c
Event: 8.398 Thread 0x00007fbbd0006800 Exception <a 'java/lang/ClassNotFoundException'{0x00000000c08eaac8}: [Ljava/lang/String;Customizer> (0x00000000c08eaac8) thrown at [/scratch/opt/mach5/mesos/work_dir/slaves/5af44a71-976a-41b7-81de-5773b84ec572-S39643/frameworks/1735e8a2-a1db-478c-8104-60c
Event: 8.407 Thread 0x00007fbbd0006800 Exception <a 'java/lang/ClassNotFoundException'{0x00000000c0934c40}: java_cup/MainBeanInfo> (0x00000000c0934c40) thrown at [/scratch/opt/mach5/mesos/work_dir/slaves/5af44a71-976a-41b7-81de-5773b84ec572-S39643/frameworks/1735e8a2-a1db-478c-8104-60c8b0af87d
Event: 8.407 Thread 0x00007fbbd0006800 Exception <a 'java/lang/ClassNotFoundException'{0x00000000c0939cf8}: java_cup/MainCustomizer> (0x00000000c0939cf8) thrown at [/scratch/opt/mach5/mesos/work_dir/slaves/5af44a71-976a-41b7-81de-5773b84ec572-S39643/frameworks/1735e8a2-a1db-478c-8104-60c8b0af8
Event: 8.907 Thread 0x00000000014e0800 Exception <a 'java/io/IOException'{0x00000000c05b15e8}> (0x00000000c05b15e8) thrown at [/scratch/opt/mach5/mesos/work_dir/slaves/5af44a71-976a-41b7-81de-5773b84ec572-S39643/frameworks/1735e8a2-a1db-478c-8104-60c8b0af87dd-0196/executors/a3f74ad9-294f-4385-
Event: 14.061 Thread 0x00000000014e0800 Exception <a 'java/io/IOException'{0x00000000c0004840}> (0x00000000c0004840) thrown at [/scratch/opt/mach5/mesos/work_dir/slaves/5af44a71-976a-41b7-81de-5773b84ec572-S39643/frameworks/1735e8a2-a1db-478c-8104-60c8b0af87dd-0196/executors/a3f74ad9-294f-4385-
Event: 17.031 Thread 0x00007fbbd0006800 Implicit null exception at 0x00007fbbe57f87dc to 0x00007fbbe57fe22d
Event: 18.907 Thread 0x00000000014e0800 Exception <a 'java/io/IOException'{0x00000000c247d6d0}> (0x00000000c247d6d0) thrown at [/scratch/opt/mach5/mesos/work_dir/slaves/5af44a71-976a-41b7-81de-5773b84ec572-S39643/frameworks/1735e8a2-a1db-478c-8104-60c8b0af87dd-0196/executors/a3f74ad9-294f-4385-

Events (10 events):
Event: 17.031 Thread 0x00007fbbd0006800 DEOPT UNPACKING pc=0x00007fbbddb90c9f sp=0x00007fbbdc3961b8 mode 2
Event: 17.068 Thread 0x00007fbbd0006800 DEOPT PACKING pc=0x00007fbbde9a3b81 sp=0x00007fbbdc396000
Event: 17.068 Thread 0x00007fbbd0006800 DEOPT UNPACKING pc=0x00007fbbddb90aab sp=0x00007fbbdc395618 mode 0
Event: 17.223 Executing VM operation: GenCollectForAllocation
Event: 17.503 Executing VM operation: GenCollectForAllocation done
Event: 17.828 Executing VM operation: GenCollectForAllocation
Event: 18.271 Executing VM operation: GenCollectForAllocation done
Event: 18.549 Executing VM operation: GenCollectForAllocation
Event: 18.840 Executing VM operation: GenCollectForAllocation done
Event: 19.146 Executing VM operation: GenCollectForAllocation


Dynamic libraries:
00400000-00401000 r-xp 00000000 08:01 261585                             /usr/lib/jvm/java-9-oracle/bin/java
00600000-00601000 rw-p 00000000 08:01 261585                             /usr/lib/jvm/java-9-oracle/bin/java
01091000-01aa6000 rw-p 00000000 00:00 0                                  [heap]
c0000000-ca330000 rw-p 00000000 00:00 0 
ca330000-d5550000 ---p 00000000 00:00 0 
d5550000-ec147000 rw-p 00000000 00:00 0 
fb3ec000-100000000 ---p 00000000 00:00 0 
100000000-1005c0000 rw-p 00000000 00:00 0 
1005c0000-140000000 ---p 00000000 00:00 0 
7fbbbe1f8000-7fbbbe2f8000 rw-p 00000000 00:00 0 
7fbbbe2f8000-7fbbbe3f8000 ---p 00000000 00:00 0 
7fbbbe3f8000-7fbbbe5f8000 rw-p 00000000 00:00 0 
7fbbbe5f8000-7fbbbe5fc000 ---p 00000000 00:00 0 
7fbbbe5fc000-7fbbbe6f9000 rw-p 00000000 00:00 0 
7fbbbe6f9000-7fbbbe6fd000 ---p 00000000 00:00 0 
7fbbbe6fd000-7fbbbe7fa000 rw-p 00000000 00:00 0 
7fbbbe7fa000-7fbbbe7fe000 ---p 00000000 00:00 0 
7fbbbe7fe000-7fbbbeafb000 rw-p 00000000 00:00 0 
7fbbbeafb000-7fbbbecfb000 rw-p 00000000 00:00 0 
7fbbbecfb000-7fbbbeefb000 rw-p 00000000 00:00 0 
7fbbbeefb000-7fbbbeeff000 ---p 00000000 00:00 0 
7fbbbeeff000-7fbbbf1fc000 rw-p 00000000 00:00 0 
7fbbbf1fc000-7fbbbf200000 ---p 00000000 00:00 0 
7fbbbf200000-7fbbbf4fd000 rw-p 00000000 00:00 0 
7fbbbf4fd000-7fbbbf6fd000 rw-p 00000000 00:00 0 
7fbbbf6fd000-7fbbbf8fd000 rw-p 00000000 00:00 0 
7fbbbf8fd000-7fbbbfafd000 rw-p 00000000 00:00 0 
7fbbbfafd000-7fbbbfb01000 ---p 00000000 00:00 0 
7fbbbfb01000-7fbbbfbfe000 rw-p 00000000 00:00 0 
7fbbbfbfe000-7fbbbfc02000 ---p 00000000 00:00 0 
7fbbbfc02000-7fbbbfeff000 rw-p 00000000 00:00 0 
7fbbbfeff000-7fbbbff03000 ---p 00000000 00:00 0 
7fbbbff03000-7fbbc0000000 rw-p 00000000 00:00 0 
7fbbc0000000-7fbbc0baa000 rw-p 00000000 00:00 0 
7fbbc0baa000-7fbbc4000000 ---p 00000000 00:00 0 
7fbbc4000000-7fbbc4335000 rw-p 00000000 00:00 0 
7fbbc4335000-7fbbc8000000 ---p 00000000 00:00 0 
7fbbc8000000-7fbbc8072000 rw-p 00000000 00:00 0 
7fbbc8072000-7fbbcc000000 ---p 00000000 00:00 0 
7fbbcc000000-7fbbce32c000 rw-p 00000000 00:00 0 
7fbbce32c000-7fbbd0000000 ---p 00000000 00:00 0 
7fbbd0000000-7fbbd0021000 rw-p 00000000 00:00 0 
7fbbd0021000-7fbbd4000000 ---p 00000000 00:00 0 
7fbbd4000000-7fbbd4021000 rw-p 00000000 00:00 0 
7fbbd4021000-7fbbd8000000 ---p 00000000 00:00 0 
7fbbd8000000-7fbbd8603000 rw-p 00000000 00:00 0 
7fbbd8603000-7fbbdc000000 ---p 00000000 00:00 0 
7fbbdc099000-7fbbdc09d000 ---p 00000000 00:00 0 
7fbbdc09d000-7fbbdc19a000 rw-p 00000000 00:00 0 
7fbbdc19a000-7fbbdc19e000 ---p 00000000 00:00 0 
7fbbdc19e000-7fbbdc29b000 rw-p 00000000 00:00 0 
7fbbdc29b000-7fbbdc29f000 ---p 00000000 00:00 0 
7fbbdc29f000-7fbbdc39c000 rw-p 00000000 00:00 0 
7fbbdc39c000-7fbbdc3a0000 ---p 00000000 00:00 0 
7fbbdc3a0000-7fbbdc69d000 rw-p 00000000 00:00 0 
7fbbdc69d000-7fbbdc6a1000 ---p 00000000 00:00 0 
7fbbdc6a1000-7fbbdc79e000 rw-p 00000000 00:00 0 
7fbbdc79e000-7fbbdc7a2000 ---p 00000000 00:00 0 
7fbbdc7a2000-7fbbdc89f000 rw-p 00000000 00:00 0 
7fbbdc89f000-7fbbdc8a3000 ---p 00000000 00:00 0 
7fbbdc8a3000-7fbbdc9a0000 rw-p 00000000 00:00 0 
7fbbdc9a0000-7fbbdc9a4000 ---p 00000000 00:00 0 
7fbbdc9a4000-7fbbdcca1000 rw-p 00000000 00:00 0 
7fbbdcca1000-7fbbdcca5000 ---p 00000000 00:00 0 
7fbbdcca5000-7fbbdcda2000 rw-p 00000000 00:00 0 
7fbbdcda2000-7fbbdcda7000 r-xp 00000000 08:01 262183                     /usr/lib/jvm/java-9-oracle/lib/libmanagement_ext.so
7fbbdcda7000-7fbbdcfa6000 ---p 00005000 08:01 262183                     /usr/lib/jvm/java-9-oracle/lib/libmanagement_ext.so
7fbbdcfa6000-7fbbdcfa7000 rw-p 00004000 08:01 262183                     /usr/lib/jvm/java-9-oracle/lib/libmanagement_ext.so
7fbbdcfa7000-7fbbdcfab000 r-xp 00000000 08:01 262185                     /usr/lib/jvm/java-9-oracle/lib/libmanagement.so
7fbbdcfab000-7fbbdd1aa000 ---p 00004000 08:01 262185                     /usr/lib/jvm/java-9-oracle/lib/libmanagement.so
7fbbdd1aa000-7fbbdd1ab000 rw-p 00003000 08:01 262185                     /usr/lib/jvm/java-9-oracle/lib/libmanagement.so
7fbbdd1ab000-7fbbdd3ab000 rw-p 00000000 00:00 0 
7fbbdd3ab000-7fbbdd5ab000 rw-p 00000000 00:00 0 
7fbbdd5ab000-7fbbdd5c1000 r-xp 00000000 08:01 1965                       /lib/x86_64-linux-gnu/libgcc_s.so.1
7fbbdd5c1000-7fbbdd7c0000 ---p 00016000 08:01 1965                       /lib/x86_64-linux-gnu/libgcc_s.so.1
7fbbdd7c0000-7fbbdd7c1000 rw-p 00015000 08:01 1965                       /lib/x86_64-linux-gnu/libgcc_s.so.1
7fbbdd7c1000-7fbbdd933000 r-xp 00000000 08:01 5549                       /usr/lib/x86_64-linux-gnu/libstdc++.so.6.0.21
7fbbdd933000-7fbbddb33000 ---p 00172000 08:01 5549                       /usr/lib/x86_64-linux-gnu/libstdc++.so.6.0.21
7fbbddb33000-7fbbddb3d000 r--p 00172000 08:01 5549                       /usr/lib/x86_64-linux-gnu/libstdc++.so.6.0.21
7fbbddb3d000-7fbbddb3f000 rw-p 0017c000 08:01 5549                       /usr/lib/x86_64-linux-gnu/libstdc++.so.6.0.21
7fbbddb3f000-7fbbddb43000 rw-p 00000000 00:00 0 
7fbbddb43000-7fbbdddb3000 rwxp 00000000 00:00 0 
7fbbdddb3000-7fbbde0d2000 ---p 00000000 00:00 0 
7fbbde0d2000-7fbbdea02000 rwxp 00000000 00:00 0 
7fbbdea02000-7fbbe560a000 ---p 00000000 00:00 0 
7fbbe560a000-7fbbe587a000 rwxp 00000000 00:00 0 
7fbbe587a000-7fbbecb43000 ---p 00000000 00:00 0 
7fbbecb43000-7fbbf8000000 r--s 00000000 08:01 262161                     /usr/lib/jvm/java-9-oracle/lib/modules
7fbbf8000000-7fbbf8d27000 rw-p 00000000 00:00 0 
7fbbf8d27000-7fbbfc000000 ---p 00000000 00:00 0 
7fbbfc058000-7fbbfc05d000 r-xp 00000000 08:01 256972                     /home/vagrant/.gradle/native/25/linux-amd64/libnative-platform.so
7fbbfc05d000-7fbbfc25c000 ---p 00005000 08:01 256972                     /home/vagrant/.gradle/native/25/linux-amd64/libnative-platform.so
7fbbfc25c000-7fbbfc25d000 rw-p 00004000 08:01 256972                     /home/vagrant/.gradle/native/25/linux-amd64/libnative-platform.so
7fbbfc25d000-7fbbfc25e000 ---p 00000000 00:00 0 
7fbbfc25e000-7fbbfc35e000 rw-p 00000000 00:00 0 
7fbbfc35e000-7fbbfc362000 ---p 00000000 00:00 0 
7fbbfc362000-7fbbfc45f000 rw-p 00000000 00:00 0 
7fbbfc45f000-7fbbfc463000 ---p 00000000 00:00 0 
7fbbfc463000-7fbbfc560000 rw-p 00000000 00:00 0 
7fbbfc560000-7fbbfc576000 r-xp 00000000 08:01 262015                     /usr/lib/jvm/java-9-oracle/lib/libnet.so
7fbbfc576000-7fbbfc776000 ---p 00016000 08:01 262015                     /usr/lib/jvm/java-9-oracle/lib/libnet.so
7fbbfc776000-7fbbfc777000 rw-p 00016000 08:01 262015                     /usr/lib/jvm/java-9-oracle/lib/libnet.so
7fbbfc777000-7fbbfc787000 r-xp 00000000 08:01 262197                     /usr/lib/jvm/java-9-oracle/lib/libnio.so
7fbbfc787000-7fbbfc987000 ---p 00010000 08:01 262197                     /usr/lib/jvm/java-9-oracle/lib/libnio.so
7fbbfc987000-7fbbfc988000 rw-p 00010000 08:01 262197                     /usr/lib/jvm/java-9-oracle/lib/libnio.so
7fbbfc988000-7fbbfc98c000 ---p 00000000 00:00 0 
7fbbfc98c000-7fbbfca89000 rw-p 00000000 00:00 0 
7fbbfca89000-7fbbfca8d000 ---p 00000000 00:00 0 
7fbbfca8d000-7fbbfcb8a000 rw-p 00000000 00:00 0 
7fbbfcb8a000-7fbbfcb8e000 ---p 00000000 00:00 0 
7fbbfcb8e000-7fbbfcc8b000 rw-p 00000000 00:00 0 
7fbbfcc8b000-7fbbfcc8f000 ---p 00000000 00:00 0 
7fbbfcc8f000-7fbbfcd8c000 rw-p 00000000 00:00 0 
7fbbfcd8c000-7fbbfcf24000 r--p 00000000 08:01 28954                      /usr/lib/locale/locale-archive
7fbbfcf24000-7fbbfcf28000 ---p 00000000 00:00 0 
7fbbfcf28000-7fbbfd025000 rw-p 00000000 00:00 0 
7fbbfd025000-7fbbfd029000 ---p 00000000 00:00 0 
7fbbfd029000-7fbbfd126000 rw-p 00000000 00:00 0 
7fbbfd126000-7fbbfd127000 ---p 00000000 00:00 0 
7fbbfd127000-7fbbfda9d000 rw-p 00000000 00:00 0 
7fbbfda9d000-7fbbfdb53000 rw-p 00000000 00:00 0 
7fbbfdb53000-7fbbfdbf3000 ---p 00000000 00:00 0 
7fbbfdbf3000-7fbbfdc45000 rw-p 00000000 00:00 0 
7fbbfdc45000-7fbbfdc9d000 ---p 00000000 00:00 0 
7fbbfdc9d000-7fbbfdd54000 rw-p 00000000 00:00 0 
7fbbfdd54000-7fbbfddf3000 ---p 00000000 00:00 0 
7fbbfddf3000-7fbbfddf9000 rw-p 00000000 00:00 0 
7fbbfddf9000-7fbbfdedf000 ---p 00000000 00:00 0 
7fbbfdedf000-7fbbfdef2000 rw-p 00000000 00:00 0 
7fbbfdef2000-7fbbfdfca000 ---p 00000000 00:00 0 
7fbbfdfca000-7fbbfdfe4000 r-xp 00000000 08:01 261972                     /usr/lib/jvm/java-9-oracle/lib/libjimage.so
7fbbfdfe4000-7fbbfe1e3000 ---p 0001a000 08:01 261972                     /usr/lib/jvm/java-9-oracle/lib/libjimage.so
7fbbfe1e3000-7fbbfe1e5000 rw-p 00019000 08:01 261972                     /usr/lib/jvm/java-9-oracle/lib/libjimage.so
7fbbfe1e5000-7fbbfe1f7000 rw-p 00000000 00:00 0 
7fbbfe1f7000-7fbbfe1fe000 r-xp 00000000 08:01 262302                     /usr/lib/jvm/java-9-oracle/lib/libzip.so
7fbbfe1fe000-7fbbfe3fd000 ---p 00007000 08:01 262302                     /usr/lib/jvm/java-9-oracle/lib/libzip.so
7fbbfe3fd000-7fbbfe3fe000 rw-p 00006000 08:01 262302                     /usr/lib/jvm/java-9-oracle/lib/libzip.so
7fbbfe3fe000-7fbbfe409000 r-xp 00000000 08:01 1991                       /lib/x86_64-linux-gnu/libnss_files-2.23.so
7fbbfe409000-7fbbfe608000 ---p 0000b000 08:01 1991                       /lib/x86_64-linux-gnu/libnss_files-2.23.so
7fbbfe608000-7fbbfe609000 r--p 0000a000 08:01 1991                       /lib/x86_64-linux-gnu/libnss_files-2.23.so
7fbbfe609000-7fbbfe60a000 rw-p 0000b000 08:01 1991                       /lib/x86_64-linux-gnu/libnss_files-2.23.so
7fbbfe60a000-7fbbfe610000 rw-p 00000000 00:00 0 
7fbbfe610000-7fbbfe61b000 r-xp 00000000 08:01 1995                       /lib/x86_64-linux-gnu/libnss_nis-2.23.so
7fbbfe61b000-7fbbfe81a000 ---p 0000b000 08:01 1995                       /lib/x86_64-linux-gnu/libnss_nis-2.23.so
7fbbfe81a000-7fbbfe81b000 r--p 0000a000 08:01 1995                       /lib/x86_64-linux-gnu/libnss_nis-2.23.so
7fbbfe81b000-7fbbfe81c000 rw-p 0000b000 08:01 1995                       /lib/x86_64-linux-gnu/libnss_nis-2.23.so
7fbbfe81c000-7fbbfe832000 r-xp 00000000 08:01 1968                       /lib/x86_64-linux-gnu/libnsl-2.23.so
7fbbfe832000-7fbbfea31000 ---p 00016000 08:01 1968                       /lib/x86_64-linux-gnu/libnsl-2.23.so
7fbbfea31000-7fbbfea32000 r--p 00015000 08:01 1968                       /lib/x86_64-linux-gnu/libnsl-2.23.so
7fbbfea32000-7fbbfea33000 rw-p 00016000 08:01 1968                       /lib/x86_64-linux-gnu/libnsl-2.23.so
7fbbfea33000-7fbbfea35000 rw-p 00000000 00:00 0 
7fbbfea35000-7fbbfea3d000 r-xp 00000000 08:01 1983                       /lib/x86_64-linux-gnu/libnss_compat-2.23.so
7fbbfea3d000-7fbbfec3c000 ---p 00008000 08:01 1983                       /lib/x86_64-linux-gnu/libnss_compat-2.23.so
7fbbfec3c000-7fbbfec3d000 r--p 00007000 08:01 1983                       /lib/x86_64-linux-gnu/libnss_compat-2.23.so
7fbbfec3d000-7fbbfec3e000 rw-p 00008000 08:01 1983                       /lib/x86_64-linux-gnu/libnss_compat-2.23.so
7fbbfec3e000-7fbbfec69000 r-xp 00000000 08:01 262008                     /usr/lib/jvm/java-9-oracle/lib/libjava.so
7fbbfec69000-7fbbfee68000 ---p 0002b000 08:01 262008                     /usr/lib/jvm/java-9-oracle/lib/libjava.so
7fbbfee68000-7fbbfee6a000 rw-p 0002a000 08:01 262008                     /usr/lib/jvm/java-9-oracle/lib/libjava.so
7fbbfee6a000-7fbbfee77000 r-xp 00000000 08:01 262033                     /usr/lib/jvm/java-9-oracle/lib/libverify.so
7fbbfee77000-7fbbff076000 ---p 0000d000 08:01 262033                     /usr/lib/jvm/java-9-oracle/lib/libverify.so
7fbbff076000-7fbbff078000 rw-p 0000c000 08:01 262033                     /usr/lib/jvm/java-9-oracle/lib/libverify.so
7fbbff078000-7fbbff07f000 r-xp 00000000 08:01 1996                       /lib/x86_64-linux-gnu/librt-2.23.so
7fbbff07f000-7fbbff27e000 ---p 00007000 08:01 1996                       /lib/x86_64-linux-gnu/librt-2.23.so
7fbbff27e000-7fbbff27f000 r--p 00006000 08:01 1996                       /lib/x86_64-linux-gnu/librt-2.23.so
7fbbff27f000-7fbbff280000 rw-p 00007000 08:01 1996                       /lib/x86_64-linux-gnu/librt-2.23.so
7fbbff280000-7fbbff388000 r-xp 00000000 08:01 1967                       /lib/x86_64-linux-gnu/libm-2.23.so
7fbbff388000-7fbbff587000 ---p 00108000 08:01 1967                       /lib/x86_64-linux-gnu/libm-2.23.so
7fbbff587000-7fbbff588000 r--p 00107000 08:01 1967                       /lib/x86_64-linux-gnu/libm-2.23.so
7fbbff588000-7fbbff589000 rw-p 00108000 08:01 1967                       /lib/x86_64-linux-gnu/libm-2.23.so
7fbbff589000-7fbc0059e000 r-xp 00000000 08:01 512576                     /usr/lib/jvm/java-9-oracle/lib/server/libjvm.so
7fbc0059e000-7fbc0079d000 ---p 01015000 08:01 512576                     /usr/lib/jvm/java-9-oracle/lib/server/libjvm.so
7fbc0079d000-7fbc0086e000 r--p 01014000 08:01 512576                     /usr/lib/jvm/java-9-oracle/lib/server/libjvm.so
7fbc0086e000-7fbc008a5000 rw-p 010e5000 08:01 512576                     /usr/lib/jvm/java-9-oracle/lib/server/libjvm.so
7fbc008a5000-7fbc0090e000 rw-p 00000000 00:00 0 
7fbc0090e000-7fbc00ace000 r-xp 00000000 08:01 1971                       /lib/x86_64-linux-gnu/libc-2.23.so
7fbc00ace000-7fbc00cce000 ---p 001c0000 08:01 1971                       /lib/x86_64-linux-gnu/libc-2.23.so
7fbc00cce000-7fbc00cd2000 r--p 001c0000 08:01 1971                       /lib/x86_64-linux-gnu/libc-2.23.so
7fbc00cd2000-7fbc00cd4000 rw-p 001c4000 08:01 1971                       /lib/x86_64-linux-gnu/libc-2.23.so
7fbc00cd4000-7fbc00cd8000 rw-p 00000000 00:00 0 
7fbc00cd8000-7fbc00cdb000 r-xp 00000000 08:01 1973                       /lib/x86_64-linux-gnu/libdl-2.23.so
7fbc00cdb000-7fbc00eda000 ---p 00003000 08:01 1973                       /lib/x86_64-linux-gnu/libdl-2.23.so
7fbc00eda000-7fbc00edb000 r--p 00002000 08:01 1973                       /lib/x86_64-linux-gnu/libdl-2.23.so
7fbc00edb000-7fbc00edc000 rw-p 00003000 08:01 1973                       /lib/x86_64-linux-gnu/libdl-2.23.so
7fbc00edc000-7fbc00eea000 r-xp 00000000 08:01 512578                     /usr/lib/jvm/java-9-oracle/lib/jli/libjli.so
7fbc00eea000-7fbc010ea000 ---p 0000e000 08:01 512578                     /usr/lib/jvm/java-9-oracle/lib/jli/libjli.so
7fbc010ea000-7fbc010eb000 rw-p 0000e000 08:01 512578                     /usr/lib/jvm/java-9-oracle/lib/jli/libjli.so
7fbc010eb000-7fbc01103000 r-xp 00000000 08:01 1970                       /lib/x86_64-linux-gnu/libpthread-2.23.so
7fbc01103000-7fbc01302000 ---p 00018000 08:01 1970                       /lib/x86_64-linux-gnu/libpthread-2.23.so
7fbc01302000-7fbc01303000 r--p 00017000 08:01 1970                       /lib/x86_64-linux-gnu/libpthread-2.23.so
7fbc01303000-7fbc01304000 rw-p 00018000 08:01 1970                       /lib/x86_64-linux-gnu/libpthread-2.23.so
7fbc01304000-7fbc01308000 rw-p 00000000 00:00 0 
7fbc01308000-7fbc01321000 r-xp 00000000 08:01 2120                       /lib/x86_64-linux-gnu/libz.so.1.2.8
7fbc01321000-7fbc01520000 ---p 00019000 08:01 2120                       /lib/x86_64-linux-gnu/libz.so.1.2.8
7fbc01520000-7fbc01521000 r--p 00018000 08:01 2120                       /lib/x86_64-linux-gnu/libz.so.1.2.8
7fbc01521000-7fbc01522000 rw-p 00019000 08:01 2120                       /lib/x86_64-linux-gnu/libz.so.1.2.8
7fbc01522000-7fbc01548000 r-xp 00000000 08:01 1969                       /lib/x86_64-linux-gnu/ld-2.23.so
7fbc01570000-7fbc01577000 r--s 00000000 08:01 24693                      /usr/lib/x86_64-linux-gnu/gconv/gconv-modules.cache
7fbc01577000-7fbc01630000 rw-p 00000000 00:00 0 
7fbc01630000-7fbc01637000 ---p 00000000 00:00 0 
7fbc01637000-7fbc0163c000 ---p 00000000 00:00 0 
7fbc0163c000-7fbc0173d000 rw-p 00000000 00:00 0 
7fbc0173d000-7fbc01745000 rw-s 00000000 08:01 5745                       /tmp/hsperfdata_vagrant/1913
7fbc01745000-7fbc01746000 rw-p 00000000 00:00 0 
7fbc01746000-7fbc01747000 ---p 00000000 00:00 0 
7fbc01747000-7fbc01748000 r--p 00025000 08:01 1969                       /lib/x86_64-linux-gnu/ld-2.23.so
7fbc01748000-7fbc01749000 rw-p 00026000 08:01 1969                       /lib/x86_64-linux-gnu/ld-2.23.so
7fbc01749000-7fbc0174a000 rw-p 00000000 00:00 0 
7ffedba48000-7ffedba69000 rw-p 00000000 00:00 0                          [stack]
7ffedba7c000-7ffedba7f000 r--p 00000000 00:00 0                          [vvar]
7ffedba7f000-7ffedba81000 r-xp 00000000 00:00 0                          [vdso]
ffffffffff600000-ffffffffff601000 r-xp 00000000 00:00 0                  [vsyscall]

VM Arguments:
jvm_args: -XX:+HeapDumpOnOutOfMemoryError -Xmx1024m -Dfile.encoding=UTF-8 -Duser.country=US -Duser.language=en -Duser.variant 
java_command: org.gradle.launcher.daemon.bootstrap.GradleDaemon 4.5
java_class_path (initial): /opt/gradle-4.5/lib/gradle-launcher-4.5.jar
Launcher Type: SUN_STANDARD

Logging:
Log output configuration:
#0: stdout all=warning uptime,level,tags
#1: stderr all=off uptime,level,tags

Environment Variables:
JAVA_HOME=/usr/lib/jvm/java-9-oracle
PATH=/home/vagrant/.opam/system/bin:/home/vagrant/bin:/home/vagrant/.local/bin:/usr/local/sbin:/usr/local/bin:/usr/sbin:/usr/bin:/sbin:/bin:/usr/games:/usr/local/games:/snap/bin:/usr/lib/jvm/java-9-oracle/bin:/usr/lib/jvm/java-9-oracle/db/bin:/home/vagrant/bin
SHELL=/bin/bash

Signal Handlers:
SIGSEGV: [libjvm.so+0xd4d370], sa_mask[0]=11111111011111111101111111111110, sa_flags=SA_RESTART|SA_SIGINFO
SIGBUS: [libjvm.so+0xd4d370], sa_mask[0]=11111111011111111101111111111110, sa_flags=SA_RESTART|SA_SIGINFO
SIGFPE: [libjvm.so+0xd4d370], sa_mask[0]=11111111011111111101111111111110, sa_flags=SA_RESTART|SA_SIGINFO
SIGPIPE: [libjvm.so+0xb64780], sa_mask[0]=11111111011111111101111111111110, sa_flags=SA_RESTART|SA_SIGINFO
SIGXFSZ: [libjvm.so+0xb64780], sa_mask[0]=11111111011111111101111111111110, sa_flags=SA_RESTART|SA_SIGINFO
SIGILL: [libjvm.so+0xd4d370], sa_mask[0]=11111111011111111101111111111110, sa_flags=SA_RESTART|SA_SIGINFO
SIGUSR2: [libjvm.so+0xb64640], sa_mask[0]=00100000000000000000000000000000, sa_flags=SA_RESTART|SA_SIGINFO
SIGHUP: [libjvm.so+0xb64850], sa_mask[0]=11111111011111111101111111111110, sa_flags=SA_RESTART|SA_SIGINFO
SIGINT: [libjvm.so+0xb64850], sa_mask[0]=11111111011111111101111111111110, sa_flags=SA_RESTART|SA_SIGINFO
SIGTERM: [libjvm.so+0xb64850], sa_mask[0]=11111111011111111101111111111110, sa_flags=SA_RESTART|SA_SIGINFO
SIGQUIT: [libjvm.so+0xb64850], sa_mask[0]=11111111011111111101111111111110, sa_flags=SA_RESTART|SA_SIGINFO


---------------  S Y S T E M  ---------------

OS:DISTRIB_ID=Ubuntu
DISTRIB_RELEASE=16.04
DISTRIB_CODENAME=xenial
DISTRIB_DESCRIPTION="Ubuntu 16.04.3 LTS"
uname:Linux 4.4.0-124-generic #148-Ubuntu SMP Wed May 2 13:00:18 UTC 2018 x86_64
libc:glibc 2.23 NPTL 2.23 
rlimit: STACK 8192k, CORE 0k, NPROC 3895, NOFILE 1048576, AS infinity
load average:0.66 0.25 0.09

/proc/meminfo:
MemTotal:        1015996 kB
MemFree:           73356 kB
MemAvailable:      85328 kB
Buffers:            9484 kB
Cached:           126064 kB
SwapCached:            0 kB
Active:           824156 kB
Inactive:          65500 kB
Active(anon):     756924 kB
Inactive(anon):     2720 kB
Active(file):      67232 kB
Inactive(file):    62780 kB
Unevictable:        3652 kB
Mlocked:            3652 kB
SwapTotal:             0 kB
SwapFree:              0 kB
Dirty:                92 kB
Writeback:             0 kB
AnonPages:        757752 kB
Mapped:            49148 kB
Shmem:              3120 kB
Slab:              31032 kB
SReclaimable:      19356 kB
SUnreclaim:        11676 kB
KernelStack:        2576 kB
PageTables:         4440 kB
NFS_Unstable:          0 kB
Bounce:                0 kB
WritebackTmp:          0 kB
CommitLimit:      507996 kB
Committed_AS:     912824 kB
VmallocTotal:   34359738367 kB
VmallocUsed:           0 kB
VmallocChunk:          0 kB
HardwareCorrupted:     0 kB
AnonHugePages:         0 kB
CmaTotal:              0 kB
CmaFree:               0 kB
HugePages_Total:       0
HugePages_Free:        0
HugePages_Rsvd:        0
HugePages_Surp:        0
Hugepagesize:       2048 kB
DirectMap4k:       40896 kB
DirectMap2M:     1007616 kB


CPU:total 1 (initial active 1) (1 cores per cpu, 1 threads per core) family 6 model 60 stepping 3, cmov, cx8, fxsr, mmx, sse, sse2, sse3, ssse3, sse4.1, sse4.2, popcnt, avx, avx2, aes, clmul, lzcnt, tsc, tscinvbit
CPU Model and flags from /proc/cpuinfo:
model name	: Intel(R) Core(TM) i7-4720HQ CPU @ 2.60GHz
flags		: fpu vme de pse tsc msr pae mce cx8 apic sep mtrr pge mca cmov pat pse36 clflush mmx fxsr sse sse2 syscall nx rdtscp lm constant_tsc rep_good nopl xtopology nonstop_tsc pni pclmulqdq monitor ssse3 cx16 sse4_1 sse4_2 x2apic movbe popcnt aes xsave avx rdrand hypervisor lahf_lm abm retpoline kaiser avx2

Memory: 4k page, physical 1015996k(73356k free), swap 0k(0k free)

vm_info: Java HotSpot(TM) 64-Bit Server VM (9.0.4+11) for linux-amd64 JRE (9.0.4+11), built on Dec 19 2017 18:12:19 by "mach5one" with gcc 4.9.2

END.
