#
# There is insufficient memory for the Java Runtime Environment to continue.
# Native memory allocation (mmap) failed to map 246710272 bytes for committing reserved memory.
# Possible reasons:
#   The system is out of physical RAM or swap space
#   The process is running with CompressedOops enabled, and the Java Heap may be blocking the growth of the native heap
# Possible solutions:
#   Reduce memory load on the system
#   Increase physical memory or swap space
#   Check if swap backing store is full
#   Decrease Java heap size (-Xmx/-Xms)
#   Decrease number of Java threads
#   Decrease Java thread stack sizes (-Xss)
#   Set larger code cache with -XX:ReservedCodeCacheSize=
#   JVM is running with Unscaled Compressed Oops mode in which the Java heap is
#     placed in the first 4GB address space. The Java Heap base address is the
#     maximum limit for the native heap growth. Please use -XX:HeapBaseMinAddress
#     to set the Java Heap base and to place the Java Heap above 4GB virtual address.
# This output file may be truncated or incomplete.
#
#  Out of Memory Error (os_linux.cpp:2647), pid=15516, tid=15521
#
# JRE version: Java(TM) SE Runtime Environment (9.0+11) (build 9.0.4+11)
# Java VM: Java HotSpot(TM) 64-Bit Server VM (9.0.4+11, mixed mode, tiered, compressed oops, serial gc, linux-amd64)
# Core dump will be written. Default location: Core dumps may be processed with "/usr/share/apport/apport %p %s %c %d %P" (or dumping to /home/vagrant/shared/xic/core.15516)
#

---------------  S U M M A R Y ------------

Command Line: -XX:+HeapDumpOnOutOfMemoryError -Xmx1024m -Dfile.encoding=UTF-8 -Duser.country=US -Duser.language=en -Duser.variant org.gradle.launcher.daemon.bootstrap.GradleDaemon 4.5

Host: Intel(R) Core(TM) i7-4720HQ CPU @ 2.60GHz, 1 cores, 992M, Ubuntu 16.04.3 LTS
Time: Thu May 17 00:53:45 2018 UTC elapsed time: 25 seconds (0d 0h 0m 25s)

---------------  T H R E A D  ---------------

Current thread (0x00007fbe2408a000):  VMThread "VM Thread" [stack: 0x00007fbe28eef000,0x00007fbe28fef000] [id=15521]

Stack: [0x00007fbe28eef000,0x00007fbe28fef000],  sp=0x00007fbe28fed260,  free space=1016k
Native frames: (J=compiled Java code, A=aot compiled Java code, j=interpreted, Vv=VM code, C=native code)
V  [libjvm.so+0xd4c6c2]  VMError::report_and_die(int, char const*, char const*, __va_list_tag*, Thread*, unsigned char*, void*, void*, char const*, int, unsigned long)+0x162
V  [libjvm.so+0xd4d32b]  VMError::report_and_die(Thread*, char const*, int, unsigned long, VMErrorType, char const*, __va_list_tag*)+0x2b
V  [libjvm.so+0x654ac8]  report_vm_out_of_memory(char const*, int, unsigned long, VMErrorType, char const*, ...)+0xd8
V  [libjvm.so+0xb68122]  os::pd_commit_memory(char*, unsigned long, unsigned long, bool)+0xf2
V  [libjvm.so+0xb625cf]  os::commit_memory(char*, unsigned long, unsigned long, bool)+0x1f
V  [libjvm.so+0xd46003]  VirtualSpace::expand_by(unsigned long, bool)+0x1c3
V  [libjvm.so+0x541031]  CardGeneration::grow_by(unsigned long)+0x31
V  [libjvm.so+0x5411c5]  CardGeneration::expand(unsigned long, unsigned long)+0x55
V  [libjvm.so+0xce3157]  TenuredGeneration::expand(unsigned long, unsigned long)+0x37
V  [libjvm.so+0x541a61]  CardGeneration::compute_new_size()+0x6d1
V  [libjvm.so+0x7987f8]  GenCollectedHeap::do_collection(bool, bool, unsigned long, bool, GenCollectedHeap::GenerationType)+0x988
V  [libjvm.so+0x5e271f]  GenCollectorPolicy::satisfy_failed_allocation(unsigned long, bool)+0x9f
V  [libjvm.so+0xd4d781]  VM_GenCollectForAllocation::doit()+0x81
V  [libjvm.so+0xd5d4f9]  VM_Operation::evaluate()+0x59
V  [libjvm.so+0xd5b243]  VMThread::evaluate_operation(VM_Operation*)+0xc3
V  [libjvm.so+0xd5b7b0]  VMThread::loop()+0x210
V  [libjvm.so+0xd5bcc2]  VMThread::run()+0x72
V  [libjvm.so+0xb6e132]  thread_native_entry(Thread*)+0xf2

VM_Operation (0x00007fbe081910d0): GenCollectForAllocation, mode: safepoint, requested by thread 0x00007fbdfc006800


---------------  P R O C E S S  ---------------

Java Threads: ( => current thread )
  0x000000000253b000 JavaThread "Cache worker for Build Output Cleanup Cache (/home/vagrant/shared/xic/.gradle/buildOutputCleanup)" [_thread_blocked, id=15552, stack(0x00007fbdea5f8000,0x00007fbdea6f9000)]
  0x0000000002538800 JavaThread "Cache worker for task history cache (/home/vagrant/shared/xic/.gradle/4.5/taskHistory)" [_thread_blocked, id=15551, stack(0x00007fbdea4f7000,0x00007fbdea5f8000)]
  0x0000000002537800 JavaThread "Cache worker for file content cache (/home/vagrant/shared/xic/.gradle/4.5/fileContent)" [_thread_blocked, id=15550, stack(0x00007fbdea3f6000,0x00007fbdea4f7000)]
  0x000000000254b000 JavaThread "Cache worker for Artifact transforms cache (/home/vagrant/.gradle/caches/transforms-1)" [_thread_blocked, id=15546, stack(0x00007fbdeacf9000,0x00007fbdeadfa000)]
  0x000000000247d800 JavaThread "Memory manager" [_thread_blocked, id=15545, stack(0x00007fbdeaffa000,0x00007fbdeb0fb000)]
  0x0000000002107000 JavaThread "Cache worker for file hash cache (/home/vagrant/shared/xic/.gradle/4.5/fileHashes)" [_thread_blocked, id=15544, stack(0x00007fbdeb8fb000,0x00007fbdeb9fc000)]
  0x00000000020da000 JavaThread "File lock request listener" [_thread_in_native, id=15543, stack(0x00007fbdeb9fc000,0x00007fbdebafd000)]
  0x00000000020cb800 JavaThread "Cache worker for file hash cache (/home/vagrant/.gradle/caches/4.5/fileHashes)" [_thread_blocked, id=15542, stack(0x00007fbdebafd000,0x00007fbdebbfe000)]
  0x0000000001fd6800 JavaThread "Stdin handler" [_thread_blocked, id=15541, stack(0x00007fbdebdfe000,0x00007fbdebeff000)]
  0x0000000001fd3800 JavaThread "Asynchronous log dispatcher for DefaultDaemonConnection: socket connection from /0:0:0:0:0:0:0:1:37253 to /0:0:0:0:0:0:0:1:38728" [_thread_blocked, id=15539, stack(0x00007fbdebeff000,0x00007fbdec000000)]
  0x00007fbdfc006800 JavaThread "Daemon worker" [_thread_blocked, id=15537, stack(0x00007fbe08096000,0x00007fbe08197000)]
  0x00007fbdfc008800 JavaThread "Cancel handler" [_thread_blocked, id=15536, stack(0x00007fbe08197000,0x00007fbe08298000)]
  0x00007fbdfc005800 JavaThread "Handler for socket connection from /0:0:0:0:0:0:0:1:37253 to /0:0:0:0:0:0:0:1:38728" [_thread_in_native, id=15535, stack(0x00007fbe08498000,0x00007fbe08599000)]
  0x00007fbdf4019800 JavaThread "Daemon" [_thread_blocked, id=15534, stack(0x00007fbe08599000,0x00007fbe0869a000)]
  0x00007fbe24d37000 JavaThread "Daemon periodic checks" [_thread_blocked, id=15533, stack(0x00007fbe0869a000,0x00007fbe0879b000)]
  0x00007fbe24d18000 JavaThread "Incoming local TCP Connector on port 37253" [_thread_in_native, id=15532, stack(0x00007fbe0879b000,0x00007fbe0889c000)]
  0x00007fbe24cce000 JavaThread "Daemon health stats" [_thread_blocked, id=15531, stack(0x00007fbe08a9c000,0x00007fbe08b9d000)]
  0x00007fbe24159800 JavaThread "Service Thread" daemon [_thread_blocked, id=15529, stack(0x00007fbe28126000,0x00007fbe28227000)]
  0x00007fbe240d9000 JavaThread "Common-Cleaner" daemon [_thread_blocked, id=15528, stack(0x00007fbe28227000,0x00007fbe28328000)]
  0x00007fbe240bd000 JavaThread "Sweeper thread" daemon [_thread_blocked, id=15527, stack(0x00007fbe28750000,0x00007fbe28851000)]
  0x00007fbe240bb000 JavaThread "C1 CompilerThread1" daemon [_thread_blocked, id=15526, stack(0x00007fbe28851000,0x00007fbe28952000)]
  0x00007fbe240b9000 JavaThread "C2 CompilerThread0" daemon [_thread_blocked, id=15525, stack(0x00007fbe28952000,0x00007fbe28a53000)]
  0x00007fbe240b7000 JavaThread "Signal Dispatcher" daemon [_thread_blocked, id=15524, stack(0x00007fbe28a53000,0x00007fbe28b54000)]
  0x00007fbe2409c000 JavaThread "Finalizer" daemon [_thread_blocked, id=15523, stack(0x00007fbe28cec000,0x00007fbe28ded000)]
  0x00007fbe24094000 JavaThread "Reference Handler" daemon [_thread_blocked, id=15522, stack(0x00007fbe28ded000,0x00007fbe28eee000)]
  0x00007fbe24011800 JavaThread "main" [_thread_blocked, id=15517, stack(0x00007fbe2d400000,0x00007fbe2d500000)]

Other Threads:
=>0x00007fbe2408a000 VMThread "VM Thread" [stack: 0x00007fbe28eef000,0x00007fbe28fef000] [id=15521]
  0x00007fbe2415c000 WatcherThread [stack: 0x00007fbe28026000,0x00007fbe28126000] [id=15530]

Threads with active compile tasks:
C2 CompilerThread04559 %     4       parser.UnifiedExample::findExample @ 1081 (2214 bytes)

VM state:at safepoint (normal execution)

VM Mutex/Monitor currently owned by a thread:  ([mutex/lock_event])
[0x00007fbe2400d8c0] Threads_lock - owner thread: 0x00007fbe2408a000
[0x00007fbe2400de60] Heap_lock - owner thread: 0x00007fbdfc006800

Heap address: 0x00000000c0000000, size: 1024 MB, Compressed Oops mode: 32-bit
Narrow klass base: 0x0000000000000000, Narrow klass shift: 3
Compressed class space size: 1073741824 Address: 0x0000000100000000

Heap:
 def new generation   total 141632K, used 15533K [0x00000000c0000000, 0x00000000c99a0000, 0x00000000d5550000)
  eden space 125952K,  12% used [0x00000000c0000000, 0x00000000c0f2b4a0, 0x00000000c7b00000)
  from space 15680K,   0% used [0x00000000c8a50000, 0x00000000c8a50000, 0x00000000c99a0000)
  to   space 15680K,   0% used [0x00000000c7b00000, 0x00000000c7b00000, 0x00000000c8a50000)
 tenured generation   total 361388K, used 361387K [0x00000000d5550000, 0x00000000eb63b000, 0x0000000100000000)
   the space 361388K,  99% used [0x00000000d5550000, 0x00000000eb63aff8, 0x00000000eb63b000, 0x00000000eb63b000)
 Metaspace       used 42466K, capacity 43528K, committed 43736K, reserved 1087488K
  class space    used 5525K, capacity 5784K, committed 5888K, reserved 1048576K

Card table byte_map: [0x00007fbe299bb000,0x00007fbe29bbc000] byte_map_base: 0x00007fbe293bb000

Polling page: 0x00007fbe2d50e000

CodeHeap 'non-profiled nmethods': size=120036Kb used=1965Kb max_used=1965Kb free=118070Kb
 bounds [0x00007fbe1160a000, 0x00007fbe1187a000, 0x00007fbe18b43000]
CodeHeap 'profiled nmethods': size=120032Kb used=9484Kb max_used=9484Kb free=110547Kb
 bounds [0x00007fbe0a0d2000, 0x00007fbe0aa22000, 0x00007fbe1160a000]
CodeHeap 'non-nmethods': size=5692Kb used=2307Kb max_used=2361Kb free=3384Kb
 bounds [0x00007fbe09b43000, 0x00007fbe09db3000, 0x00007fbe0a0d2000]
 total_blobs=6133 nmethods=4518 adapters=644
 compilation: enabled

Compilation events (10 events):
Event: 22.412 Thread 0x00007fbe240bb000 4564       2       org.gradle.internal.serialize.InputStreamBackedDecoder::readBytes (11 bytes)
Event: 22.412 Thread 0x00007fbe240bb000 nmethod 4564 0x00007fbe0aa13c90 code [0x00007fbe0aa13e40, 0x00007fbe0aa13fa0]
Event: 22.413 Thread 0x00007fbe240bb000 4565       2       org.gradle.internal.serialize.InputStreamBackedDecoder::readBoolean (8 bytes)
Event: 22.413 Thread 0x00007fbe240bb000 nmethod 4565 0x00007fbe0aa14090 code [0x00007fbe0aa14260, 0x00007fbe0aa144b0]
Event: 22.413 Thread 0x00007fbe240bb000 4566       2       java.io.DataInputStream::readBoolean (30 bytes)
Event: 22.413 Thread 0x00007fbe240bb000 nmethod 4566 0x00007fbe0aa14610 code [0x00007fbe0aa147e0, 0x00007fbe0aa14a10]
Event: 23.152 Thread 0x00007fbe240bb000 4568       2       javax.management.ObjectName::isPropertyListPattern (16 bytes)
Event: 23.152 Thread 0x00007fbe240bb000 nmethod 4568 0x00007fbe0aa14b10 code [0x00007fbe0aa14cc0, 0x00007fbe0aa14e30]
Event: 23.152 Thread 0x00007fbe240bb000 4567       2       java.util.HashMap$ValueSpliterator::characteristics (28 bytes)
Event: 23.152 Thread 0x00007fbe240bb000 nmethod 4567 0x00007fbe0aa14e90 code [0x00007fbe0aa15040, 0x00007fbe0aa151d0]

GC Heap History (10 events):
Event: 19.650 GC heap after
{Heap after GC invocations=60 (full 8):
 def new generation   total 141632K, used 15679K [0x00000000c0000000, 0x00000000c99a0000, 0x00000000d5550000)
  eden space 125952K,   0% used [0x00000000c0000000, 0x00000000c0000000, 0x00000000c7b00000)
  from space 15680K,  99% used [0x00000000c7b00000, 0x00000000c8a4fff8, 0x00000000c8a50000)
  to   space 15680K,   0% used [0x00000000c8a50000, 0x00000000c8a50000, 0x00000000c99a0000)
 tenured generation   total 314348K, used 285267K [0x00000000d5550000, 0x00000000e884b000, 0x0000000100000000)
   the space 314348K,  90% used [0x00000000d5550000, 0x00000000e6be4cb8, 0x00000000e6be4e00, 0x00000000e884b000)
 Metaspace       used 42455K, capacity 43524K, committed 43736K, reserved 1087488K
  class space    used 5524K, capacity 5784K, committed 5888K, reserved 1048576K
}
Event: 20.120 GC heap before
{Heap before GC invocations=60 (full 8):
 def new generation   total 141632K, used 141631K [0x00000000c0000000, 0x00000000c99a0000, 0x00000000d5550000)
  eden space 125952K, 100% used [0x00000000c0000000, 0x00000000c7b00000, 0x00000000c7b00000)
  from space 15680K,  99% used [0x00000000c7b00000, 0x00000000c8a4fff8, 0x00000000c8a50000)
  to   space 15680K,   0% used [0x00000000c8a50000, 0x00000000c8a50000, 0x00000000c99a0000)
 tenured generation   total 314348K, used 285267K [0x00000000d5550000, 0x00000000e884b000, 0x0000000100000000)
   the space 314348K,  90% used [0x00000000d5550000, 0x00000000e6be4cb8, 0x00000000e6be4e00, 0x00000000e884b000)
 Metaspace       used 42455K, capacity 43524K, committed 43736K, reserved 1087488K
  class space    used 5524K, capacity 5784K, committed 5888K, reserved 1048576K
}
Event: 21.040 GC heap after
{Heap after GC invocations=61 (full 9):
 def new generation   total 141632K, used 0K [0x00000000c0000000, 0x00000000c99a0000, 0x00000000d5550000)
  eden space 125952K,   0% used [0x00000000c0000000, 0x00000000c0000000, 0x00000000c7b00000)
  from space 15680K,   0% used [0x00000000c8a50000, 0x00000000c8a50000, 0x00000000c99a0000)
  to   space 15680K,   0% used [0x00000000c7b00000, 0x00000000c7b00000, 0x00000000c8a50000)
 tenured generation   total 314348K, used 125135K [0x00000000d5550000, 0x00000000e884b000, 0x0000000100000000)
   the space 314348K,  39% used [0x00000000d5550000, 0x00000000dcf83fe8, 0x00000000dcf84000, 0x00000000e884b000)
 Metaspace       used 42455K, capacity 43524K, committed 43736K, reserved 1087488K
  class space    used 5524K, capacity 5784K, committed 5888K, reserved 1048576K
}
Event: 21.373 GC heap before
{Heap before GC invocations=61 (full 9):
 def new generation   total 141632K, used 125952K [0x00000000c0000000, 0x00000000c99a0000, 0x00000000d5550000)
  eden space 125952K, 100% used [0x00000000c0000000, 0x00000000c7b00000, 0x00000000c7b00000)
  from space 15680K,   0% used [0x00000000c8a50000, 0x00000000c8a50000, 0x00000000c99a0000)
  to   space 15680K,   0% used [0x00000000c7b00000, 0x00000000c7b00000, 0x00000000c8a50000)
 tenured generation   total 314348K, used 125135K [0x00000000d5550000, 0x00000000e884b000, 0x0000000100000000)
   the space 314348K,  39% used [0x00000000d5550000, 0x00000000dcf83fe8, 0x00000000dcf84000, 0x00000000e884b000)
 Metaspace       used 42463K, capacity 43528K, committed 43736K, reserved 1087488K
  class space    used 5525K, capacity 5784K, committed 5888K, reserved 1048576K
}
Event: 21.703 GC heap after
{Heap after GC invocations=62 (full 9):
 def new generation   total 141632K, used 15680K [0x00000000c0000000, 0x00000000c99a0000, 0x00000000d5550000)
  eden space 125952K,   0% used [0x00000000c0000000, 0x00000000c0000000, 0x00000000c7b00000)
  from space 15680K, 100% used [0x00000000c7b00000, 0x00000000c8a50000, 0x00000000c8a50000)
  to   space 15680K,   0% used [0x00000000c8a50000, 0x00000000c8a50000, 0x00000000c99a0000)
 tenured generation   total 314348K, used 172550K [0x00000000d5550000, 0x00000000e884b000, 0x0000000100000000)
   the space 314348K,  54% used [0x00000000d5550000, 0x00000000dfdd1930, 0x00000000dfdd1a00, 0x00000000e884b000)
 Metaspace       used 42463K, capacity 43528K, committed 43736K, reserved 1087488K
  class space    used 5525K, capacity 5784K, committed 5888K, reserved 1048576K
}
Event: 22.020 GC heap before
{Heap before GC invocations=62 (full 9):
 def new generation   total 141632K, used 141632K [0x00000000c0000000, 0x00000000c99a0000, 0x00000000d5550000)
  eden space 125952K, 100% used [0x00000000c0000000, 0x00000000c7b00000, 0x00000000c7b00000)
  from space 15680K, 100% used [0x00000000c7b00000, 0x00000000c8a50000, 0x00000000c8a50000)
  to   space 15680K,   0% used [0x00000000c8a50000, 0x00000000c8a50000, 0x00000000c99a0000)
 tenured generation   total 314348K, used 172550K [0x00000000d5550000, 0x00000000e884b000, 0x0000000100000000)
   the space 314348K,  54% used [0x00000000d5550000, 0x00000000dfdd1930, 0x00000000dfdd1a00, 0x00000000e884b000)
 Metaspace       used 42463K, capacity 43528K, committed 43736K, reserved 1087488K
  class space    used 5525K, capacity 5784K, committed 5888K, reserved 1048576K
}
Event: 22.406 GC heap after
{Heap after GC invocations=63 (full 9):
 def new generation   total 141632K, used 15679K [0x00000000c0000000, 0x00000000c99a0000, 0x00000000d5550000)
  eden space 125952K,   0% used [0x00000000c0000000, 0x00000000c0000000, 0x00000000c7b00000)
  from space 15680K,  99% used [0x00000000c8a50000, 0x00000000c999fff0, 0x00000000c99a0000)
  to   space 15680K,   0% used [0x00000000c7b00000, 0x00000000c7b00000, 0x00000000c8a50000)
 tenured generation   total 314348K, used 239672K [0x00000000d5550000, 0x00000000e884b000, 0x0000000100000000)
   the space 314348K,  76% used [0x00000000d5550000, 0x00000000e3f5e220, 0x00000000e3f5e400, 0x00000000e884b000)
 Metaspace       used 42463K, capacity 43528K, committed 43736K, reserved 1087488K
  class space    used 5525K, capacity 5784K, committed 5888K, reserved 1048576K
}
Event: 22.743 GC heap before
{Heap before GC invocations=63 (full 9):
 def new generation   total 141632K, used 141631K [0x00000000c0000000, 0x00000000c99a0000, 0x00000000d5550000)
  eden space 125952K, 100% used [0x00000000c0000000, 0x00000000c7b00000, 0x00000000c7b00000)
  from space 15680K,  99% used [0x00000000c8a50000, 0x00000000c999fff0, 0x00000000c99a0000)
  to   space 15680K,   0% used [0x00000000c7b00000, 0x00000000c7b00000, 0x00000000c8a50000)
 tenured generation   total 314348K, used 239672K [0x00000000d5550000, 0x00000000e884b000, 0x0000000100000000)
   the space 314348K,  76% used [0x00000000d5550000, 0x00000000e3f5e220, 0x00000000e3f5e400, 0x00000000e884b000)
 Metaspace       used 42465K, capacity 43528K, committed 43736K, reserved 1087488K
  class space    used 5525K, capacity 5784K, committed 5888K, reserved 1048576K
}
Event: 23.150 GC heap after
{Heap after GC invocations=64 (full 9):
 def new generation   total 141632K, used 15679K [0x00000000c0000000, 0x00000000c99a0000, 0x00000000d5550000)
  eden space 125952K,   0% used [0x00000000c0000000, 0x00000000c0000000, 0x00000000c7b00000)
  from space 15680K,  99% used [0x00000000c7b00000, 0x00000000c8a4fff8, 0x00000000c8a50000)
  to   space 15680K,   0% used [0x00000000c8a50000, 0x00000000c8a50000, 0x00000000c99a0000)
 tenured generation   total 314348K, used 302378K [0x00000000d5550000, 0x00000000e884b000, 0x0000000100000000)
   the space 314348K,  96% used [0x00000000d5550000, 0x00000000e7c9abe8, 0x00000000e7c9ac00, 0x00000000e884b000)
 Metaspace       used 42465K, capacity 43528K, committed 43736K, reserved 1087488K
  class space    used 5525K, capacity 5784K, committed 5888K, reserved 1048576K
}
Event: 23.498 GC heap before
{Heap before GC invocations=64 (full 9):
 def new generation   total 141632K, used 141631K [0x00000000c0000000, 0x00000000c99a0000, 0x00000000d5550000)
  eden space 125952K, 100% used [0x00000000c0000000, 0x00000000c7b00000, 0x00000000c7b00000)
  from space 15680K,  99% used [0x00000000c7b00000, 0x00000000c8a4fff8, 0x00000000c8a50000)
  to   space 15680K,   0% used [0x00000000c8a50000, 0x00000000c8a50000, 0x00000000c99a0000)
 tenured generation   total 314348K, used 302378K [0x00000000d5550000, 0x00000000e884b000, 0x0000000100000000)
   the space 314348K,  96% used [0x00000000d5550000, 0x00000000e7c9abe8, 0x00000000e7c9ac00, 0x00000000e884b000)
 Metaspace       used 42466K, capacity 43528K, committed 43736K, reserved 1087488K
  class space    used 5525K, capacity 5784K, committed 5888K, reserved 1048576K
}

Deoptimization events (10 events):
Event: 17.857 Thread 0x00007fbdfc006800 Uncommon trap: reason=unstable_if action=reinterpret pc=0x00007fbe117daa70 method=java.util.AbstractList.equals(Ljava/lang/Object;)Z @ 46 c2
Event: 18.906 Thread 0x00007fbdfc006800 Uncommon trap: reason=unstable_if action=reinterpret pc=0x00007fbe116e9520 method=java.lang.String.getChars(II[CI)V @ 23 c2
Event: 18.910 Thread 0x00007fbdfc006800 Uncommon trap: reason=unstable_if action=reinterpret pc=0x00007fbe117a8b38 method=sun.nio.cs.UTF_8$Decoder.decodeArrayLoop(Ljava/nio/ByteBuffer;Ljava/nio/CharBuffer;)Ljava/nio/charset/CoderResult; @ 84 c2
Event: 18.910 Thread 0x00007fbdfc006800 Uncommon trap: reason=unstable_if action=reinterpret pc=0x00007fbe1175ef54 method=java.lang.StringUTF16.compress([CII)[B @ 13 c2
Event: 18.910 Thread 0x00007fbdfc006800 Uncommon trap: reason=unstable_if action=reinterpret pc=0x00007fbe1165abbc method=java.lang.String.substring(II)Ljava/lang/String; @ 31 c2
Event: 18.910 Thread 0x00007fbdfc006800 Uncommon trap: reason=unstable_if action=reinterpret pc=0x00007fbe11626938 method=java.lang.String.indexOf(II)I @ 4 c2
Event: 18.910 Thread 0x00007fbdfc006800 Uncommon trap: reason=unstable_if action=reinterpret pc=0x00007fbe116aa5f8 method=java.lang.StringUTF16.compress([CII)[B @ 13 c2
Event: 18.910 Thread 0x00007fbdfc006800 Uncommon trap: reason=unstable_if action=reinterpret pc=0x00007fbe1164a44c method=java.lang.String.indexOf(II)I @ 4 c2
Event: 18.911 Thread 0x00007fbdfc006800 Uncommon trap: reason=unstable_if action=reinterpret pc=0x00007fbe1165d4f8 method=java.lang.StringUTF16.compress([CI[BII)I @ 20 c2
Event: 18.911 Thread 0x00007fbdfc006800 Uncommon trap: reason=unstable_if action=reinterpret pc=0x00007fbe1178d7fc method=sun.nio.cs.UTF_8$Decoder.decodeArrayLoop(Ljava/nio/ByteBuffer;Ljava/nio/CharBuffer;)Ljava/nio/charset/CoderResult; @ 84 c2

Classes redefined (0 events):
No events

Internal exceptions (10 events):
Event: 12.562 Thread 0x00007fbdfc006800 Exception <a 'java/lang/ClassNotFoundException'{0x00000000c0bcef70}: groovy/runtime/metaclass/[Ljava/lang/String;MetaClass> (0x00000000c0bcef70) thrown at [/scratch/opt/mach5/mesos/work_dir/slaves/5af44a71-976a-41b7-81de-5773b84ec572-S39643/frameworks/173
Event: 12.562 Thread 0x00007fbdfc006800 Exception <a 'java/lang/ClassNotFoundException'{0x00000000c0bd56b0}: [Ljava/lang/String;BeanInfo> (0x00000000c0bd56b0) thrown at [/scratch/opt/mach5/mesos/work_dir/slaves/5af44a71-976a-41b7-81de-5773b84ec572-S39643/frameworks/1735e8a2-a1db-478c-8104-60c8b
Event: 12.562 Thread 0x00007fbdfc006800 Exception <a 'java/lang/ClassNotFoundException'{0x00000000c0bd60a8}: [Ljava/lang/String;BeanInfo> (0x00000000c0bd60a8) thrown at [/scratch/opt/mach5/mesos/work_dir/slaves/5af44a71-976a-41b7-81de-5773b84ec572-S39643/frameworks/1735e8a2-a1db-478c-8104-60c8b
Event: 12.562 Thread 0x00007fbdfc006800 Exception <a 'java/lang/ClassNotFoundException'{0x00000000c0bd6b60}: [Ljava/lang/String;Customizer> (0x00000000c0bd6b60) thrown at [/scratch/opt/mach5/mesos/work_dir/slaves/5af44a71-976a-41b7-81de-5773b84ec572-S39643/frameworks/1735e8a2-a1db-478c-8104-60c
Event: 12.562 Thread 0x00007fbdfc006800 Exception <a 'java/lang/ClassNotFoundException'{0x00000000c0bd7558}: [Ljava/lang/String;Customizer> (0x00000000c0bd7558) thrown at [/scratch/opt/mach5/mesos/work_dir/slaves/5af44a71-976a-41b7-81de-5773b84ec572-S39643/frameworks/1735e8a2-a1db-478c-8104-60c
Event: 12.568 Thread 0x00007fbdfc006800 Exception <a 'java/lang/ClassNotFoundException'{0x00000000c0c22950}: java_cup/MainBeanInfo> (0x00000000c0c22950) thrown at [/scratch/opt/mach5/mesos/work_dir/slaves/5af44a71-976a-41b7-81de-5773b84ec572-S39643/frameworks/1735e8a2-a1db-478c-8104-60c8b0af87d
Event: 12.568 Thread 0x00007fbdfc006800 Exception <a 'java/lang/ClassNotFoundException'{0x00000000c0c27a08}: java_cup/MainCustomizer> (0x00000000c0c27a08) thrown at [/scratch/opt/mach5/mesos/work_dir/slaves/5af44a71-976a-41b7-81de-5773b84ec572-S39643/frameworks/1735e8a2-a1db-478c-8104-60c8b0af8
Event: 15.812 Thread 0x000000000247d800 Exception <a 'java/io/IOException'{0x00000000c0004840}> (0x00000000c0004840) thrown at [/scratch/opt/mach5/mesos/work_dir/slaves/5af44a71-976a-41b7-81de-5773b84ec572-S39643/frameworks/1735e8a2-a1db-478c-8104-60c8b0af87dd-0196/executors/a3f74ad9-294f-4385-
Event: 15.826 Thread 0x00007fbdfc006800 Implicit null exception at 0x00007fbe117c4135 to 0x00007fbe117c52b1
Event: 21.044 Thread 0x000000000247d800 Exception <a 'java/io/IOException'{0x00000000c0004840}> (0x00000000c0004840) thrown at [/scratch/opt/mach5/mesos/work_dir/slaves/5af44a71-976a-41b7-81de-5773b84ec572-S39643/frameworks/1735e8a2-a1db-478c-8104-60c8b0af87dd-0196/executors/a3f74ad9-294f-4385-

Events (10 events):
Event: 21.048 Executing VM operation: GenCollectForAllocation done
Event: 21.133 Thread 0x00007fbdfc006800 DEOPT PACKING pc=0x00007fbe0a9e7af7 sp=0x00007fbe08191080
Event: 21.133 Thread 0x00007fbdfc006800 DEOPT UNPACKING pc=0x00007fbe09b90aab sp=0x00007fbe08190750 mode 0
Event: 21.373 Executing VM operation: GenCollectForAllocation
Event: 21.711 Executing VM operation: GenCollectForAllocation done
Event: 22.013 Executing VM operation: GenCollectForAllocation
Event: 22.413 Executing VM operation: GenCollectForAllocation done
Event: 22.742 Executing VM operation: GenCollectForAllocation
Event: 23.156 Executing VM operation: GenCollectForAllocation done
Event: 23.498 Executing VM operation: GenCollectForAllocation


Dynamic libraries:
00400000-00401000 r-xp 00000000 08:01 261585                             /usr/lib/jvm/java-9-oracle/bin/java
00600000-00601000 rw-p 00000000 08:01 261585                             /usr/lib/jvm/java-9-oracle/bin/java
01fca000-028a7000 rw-p 00000000 00:00 0                                  [heap]
c0000000-c99a0000 rw-p 00000000 00:00 0 
c99a0000-d5550000 ---p 00000000 00:00 0 
d5550000-eb63b000 rw-p 00000000 00:00 0 
fa183000-100000000 ---p 00000000 00:00 0 
100000000-1005c0000 rw-p 00000000 00:00 0 
1005c0000-140000000 ---p 00000000 00:00 0 
7fbde9ff6000-7fbdea0f6000 rw-p 00000000 00:00 0 
7fbdea0f6000-7fbdea1f6000 ---p 00000000 00:00 0 
7fbdea1f6000-7fbdea3f6000 rw-p 00000000 00:00 0 
7fbdea3f6000-7fbdea3fa000 ---p 00000000 00:00 0 
7fbdea3fa000-7fbdea4f7000 rw-p 00000000 00:00 0 
7fbdea4f7000-7fbdea4fb000 ---p 00000000 00:00 0 
7fbdea4fb000-7fbdea5f8000 rw-p 00000000 00:00 0 
7fbdea5f8000-7fbdea5fc000 ---p 00000000 00:00 0 
7fbdea5fc000-7fbdea8f9000 rw-p 00000000 00:00 0 
7fbdea8f9000-7fbdeaaf9000 rw-p 00000000 00:00 0 
7fbdeaaf9000-7fbdeacef000 rw-p 00000000 00:00 0 
7fbdeacef000-7fbdeacf9000 ---p 00000000 00:00 0 
7fbdeacf9000-7fbdeacfd000 ---p 00000000 00:00 0 
7fbdeacfd000-7fbdeaffa000 rw-p 00000000 00:00 0 
7fbdeaffa000-7fbdeaffe000 ---p 00000000 00:00 0 
7fbdeaffe000-7fbdeb2fb000 rw-p 00000000 00:00 0 
7fbdeb2fb000-7fbdeb4fb000 rw-p 00000000 00:00 0 
7fbdeb4fb000-7fbdeb6fb000 rw-p 00000000 00:00 0 
7fbdeb6fb000-7fbdeb8fb000 rw-p 00000000 00:00 0 
7fbdeb8fb000-7fbdeb8ff000 ---p 00000000 00:00 0 
7fbdeb8ff000-7fbdeb9fc000 rw-p 00000000 00:00 0 
7fbdeb9fc000-7fbdeba00000 ---p 00000000 00:00 0 
7fbdeba00000-7fbdebafd000 rw-p 00000000 00:00 0 
7fbdebafd000-7fbdebb01000 ---p 00000000 00:00 0 
7fbdebb01000-7fbdebdfe000 rw-p 00000000 00:00 0 
7fbdebdfe000-7fbdebe02000 ---p 00000000 00:00 0 
7fbdebe02000-7fbdebeff000 rw-p 00000000 00:00 0 
7fbdebeff000-7fbdebf03000 ---p 00000000 00:00 0 
7fbdebf03000-7fbdec000000 rw-p 00000000 00:00 0 
7fbdec000000-7fbdecd60000 rw-p 00000000 00:00 0 
7fbdecd60000-7fbdf0000000 ---p 00000000 00:00 0 
7fbdf0000000-7fbdf0335000 rw-p 00000000 00:00 0 
7fbdf0335000-7fbdf4000000 ---p 00000000 00:00 0 
7fbdf4000000-7fbdf4072000 rw-p 00000000 00:00 0 
7fbdf4072000-7fbdf8000000 ---p 00000000 00:00 0 
7fbdf8000000-7fbdfaa0e000 rw-p 00000000 00:00 0 
7fbdfaa0e000-7fbdfc000000 ---p 00000000 00:00 0 
7fbdfc000000-7fbdfc021000 rw-p 00000000 00:00 0 
7fbdfc021000-7fbe00000000 ---p 00000000 00:00 0 
7fbe00000000-7fbe00021000 rw-p 00000000 00:00 0 
7fbe00021000-7fbe04000000 ---p 00000000 00:00 0 
7fbe04000000-7fbe0462b000 rw-p 00000000 00:00 0 
7fbe0462b000-7fbe08000000 ---p 00000000 00:00 0 
7fbe08096000-7fbe0809a000 ---p 00000000 00:00 0 
7fbe0809a000-7fbe08197000 rw-p 00000000 00:00 0 
7fbe08197000-7fbe0819b000 ---p 00000000 00:00 0 
7fbe0819b000-7fbe08498000 rw-p 00000000 00:00 0 
7fbe08498000-7fbe0849c000 ---p 00000000 00:00 0 
7fbe0849c000-7fbe08599000 rw-p 00000000 00:00 0 
7fbe08599000-7fbe0859d000 ---p 00000000 00:00 0 
7fbe0859d000-7fbe0869a000 rw-p 00000000 00:00 0 
7fbe0869a000-7fbe0869e000 ---p 00000000 00:00 0 
7fbe0869e000-7fbe0879b000 rw-p 00000000 00:00 0 
7fbe0879b000-7fbe0879f000 ---p 00000000 00:00 0 
7fbe0879f000-7fbe08a9c000 rw-p 00000000 00:00 0 
7fbe08a9c000-7fbe08aa0000 ---p 00000000 00:00 0 
7fbe08aa0000-7fbe08b9d000 rw-p 00000000 00:00 0 
7fbe08b9d000-7fbe08ba2000 r-xp 00000000 08:01 262183                     /usr/lib/jvm/java-9-oracle/lib/libmanagement_ext.so
7fbe08ba2000-7fbe08da1000 ---p 00005000 08:01 262183                     /usr/lib/jvm/java-9-oracle/lib/libmanagement_ext.so
7fbe08da1000-7fbe08da2000 rw-p 00004000 08:01 262183                     /usr/lib/jvm/java-9-oracle/lib/libmanagement_ext.so
7fbe08da2000-7fbe08da6000 r-xp 00000000 08:01 262185                     /usr/lib/jvm/java-9-oracle/lib/libmanagement.so
7fbe08da6000-7fbe08fa5000 ---p 00004000 08:01 262185                     /usr/lib/jvm/java-9-oracle/lib/libmanagement.so
7fbe08fa5000-7fbe08fa6000 rw-p 00003000 08:01 262185                     /usr/lib/jvm/java-9-oracle/lib/libmanagement.so
7fbe08fa6000-7fbe091a6000 rw-p 00000000 00:00 0 
7fbe091a6000-7fbe093a6000 rw-p 00000000 00:00 0 
7fbe093a6000-7fbe093bc000 r-xp 00000000 08:01 1965                       /lib/x86_64-linux-gnu/libgcc_s.so.1
7fbe093bc000-7fbe095bb000 ---p 00016000 08:01 1965                       /lib/x86_64-linux-gnu/libgcc_s.so.1
7fbe095bb000-7fbe095bc000 rw-p 00015000 08:01 1965                       /lib/x86_64-linux-gnu/libgcc_s.so.1
7fbe095bc000-7fbe0972e000 r-xp 00000000 08:01 5549                       /usr/lib/x86_64-linux-gnu/libstdc++.so.6.0.21
7fbe0972e000-7fbe0992e000 ---p 00172000 08:01 5549                       /usr/lib/x86_64-linux-gnu/libstdc++.so.6.0.21
7fbe0992e000-7fbe09938000 r--p 00172000 08:01 5549                       /usr/lib/x86_64-linux-gnu/libstdc++.so.6.0.21
7fbe09938000-7fbe0993a000 rw-p 0017c000 08:01 5549                       /usr/lib/x86_64-linux-gnu/libstdc++.so.6.0.21
7fbe0993a000-7fbe0993e000 rw-p 00000000 00:00 0 
7fbe0993e000-7fbe09943000 r-xp 00000000 08:01 256972                     /home/vagrant/.gradle/native/25/linux-amd64/libnative-platform.so
7fbe09943000-7fbe09b42000 ---p 00005000 08:01 256972                     /home/vagrant/.gradle/native/25/linux-amd64/libnative-platform.so
7fbe09b42000-7fbe09b43000 rw-p 00004000 08:01 256972                     /home/vagrant/.gradle/native/25/linux-amd64/libnative-platform.so
7fbe09b43000-7fbe09db3000 rwxp 00000000 00:00 0 
7fbe09db3000-7fbe0a0d2000 ---p 00000000 00:00 0 
7fbe0a0d2000-7fbe0aa22000 rwxp 00000000 00:00 0 
7fbe0aa22000-7fbe1160a000 ---p 00000000 00:00 0 
7fbe1160a000-7fbe1187a000 rwxp 00000000 00:00 0 
7fbe1187a000-7fbe18b43000 ---p 00000000 00:00 0 
7fbe18b43000-7fbe24000000 r--s 00000000 08:01 262161                     /usr/lib/jvm/java-9-oracle/lib/modules
7fbe24000000-7fbe24d43000 rw-p 00000000 00:00 0 
7fbe24d43000-7fbe28000000 ---p 00000000 00:00 0 
7fbe28025000-7fbe28026000 ---p 00000000 00:00 0 
7fbe28026000-7fbe28126000 rw-p 00000000 00:00 0 
7fbe28126000-7fbe2812a000 ---p 00000000 00:00 0 
7fbe2812a000-7fbe28227000 rw-p 00000000 00:00 0 
7fbe28227000-7fbe2822b000 ---p 00000000 00:00 0 
7fbe2822b000-7fbe28328000 rw-p 00000000 00:00 0 
7fbe28328000-7fbe2833e000 r-xp 00000000 08:01 262015                     /usr/lib/jvm/java-9-oracle/lib/libnet.so
7fbe2833e000-7fbe2853e000 ---p 00016000 08:01 262015                     /usr/lib/jvm/java-9-oracle/lib/libnet.so
7fbe2853e000-7fbe2853f000 rw-p 00016000 08:01 262015                     /usr/lib/jvm/java-9-oracle/lib/libnet.so
7fbe2853f000-7fbe2854f000 r-xp 00000000 08:01 262197                     /usr/lib/jvm/java-9-oracle/lib/libnio.so
7fbe2854f000-7fbe2874f000 ---p 00010000 08:01 262197                     /usr/lib/jvm/java-9-oracle/lib/libnio.so
7fbe2874f000-7fbe28750000 rw-p 00010000 08:01 262197                     /usr/lib/jvm/java-9-oracle/lib/libnio.so
7fbe28750000-7fbe28754000 ---p 00000000 00:00 0 
7fbe28754000-7fbe28851000 rw-p 00000000 00:00 0 
7fbe28851000-7fbe28855000 ---p 00000000 00:00 0 
7fbe28855000-7fbe28952000 rw-p 00000000 00:00 0 
7fbe28952000-7fbe28956000 ---p 00000000 00:00 0 
7fbe28956000-7fbe28a53000 rw-p 00000000 00:00 0 
7fbe28a53000-7fbe28a57000 ---p 00000000 00:00 0 
7fbe28a57000-7fbe28b54000 rw-p 00000000 00:00 0 
7fbe28b54000-7fbe28cec000 r--p 00000000 08:01 28954                      /usr/lib/locale/locale-archive
7fbe28cec000-7fbe28cf0000 ---p 00000000 00:00 0 
7fbe28cf0000-7fbe28ded000 rw-p 00000000 00:00 0 
7fbe28ded000-7fbe28df1000 ---p 00000000 00:00 0 
7fbe28df1000-7fbe28eee000 rw-p 00000000 00:00 0 
7fbe28eee000-7fbe28eef000 ---p 00000000 00:00 0 
7fbe28eef000-7fbe29865000 rw-p 00000000 00:00 0 
7fbe29865000-7fbe29916000 rw-p 00000000 00:00 0 
7fbe29916000-7fbe299bb000 ---p 00000000 00:00 0 
7fbe299bb000-7fbe29a08000 rw-p 00000000 00:00 0 
7fbe29a08000-7fbe29a65000 ---p 00000000 00:00 0 
7fbe29a65000-7fbe29b17000 rw-p 00000000 00:00 0 
7fbe29b17000-7fbe29bbb000 ---p 00000000 00:00 0 
7fbe29bbb000-7fbe29bc1000 rw-p 00000000 00:00 0 
7fbe29bc1000-7fbe29ca7000 ---p 00000000 00:00 0 
7fbe29ca7000-7fbe29cba000 rw-p 00000000 00:00 0 
7fbe29cba000-7fbe29d92000 ---p 00000000 00:00 0 
7fbe29d92000-7fbe29dac000 r-xp 00000000 08:01 261972                     /usr/lib/jvm/java-9-oracle/lib/libjimage.so
7fbe29dac000-7fbe29fab000 ---p 0001a000 08:01 261972                     /usr/lib/jvm/java-9-oracle/lib/libjimage.so
7fbe29fab000-7fbe29fad000 rw-p 00019000 08:01 261972                     /usr/lib/jvm/java-9-oracle/lib/libjimage.so
7fbe29fad000-7fbe29fbf000 rw-p 00000000 00:00 0 
7fbe29fbf000-7fbe29fc6000 r-xp 00000000 08:01 262302                     /usr/lib/jvm/java-9-oracle/lib/libzip.so
7fbe29fc6000-7fbe2a1c5000 ---p 00007000 08:01 262302                     /usr/lib/jvm/java-9-oracle/lib/libzip.so
7fbe2a1c5000-7fbe2a1c6000 rw-p 00006000 08:01 262302                     /usr/lib/jvm/java-9-oracle/lib/libzip.so
7fbe2a1c6000-7fbe2a1d1000 r-xp 00000000 08:01 1991                       /lib/x86_64-linux-gnu/libnss_files-2.23.so
7fbe2a1d1000-7fbe2a3d0000 ---p 0000b000 08:01 1991                       /lib/x86_64-linux-gnu/libnss_files-2.23.so
7fbe2a3d0000-7fbe2a3d1000 r--p 0000a000 08:01 1991                       /lib/x86_64-linux-gnu/libnss_files-2.23.so
7fbe2a3d1000-7fbe2a3d2000 rw-p 0000b000 08:01 1991                       /lib/x86_64-linux-gnu/libnss_files-2.23.so
7fbe2a3d2000-7fbe2a3d8000 rw-p 00000000 00:00 0 
7fbe2a3d8000-7fbe2a3e3000 r-xp 00000000 08:01 1995                       /lib/x86_64-linux-gnu/libnss_nis-2.23.so
7fbe2a3e3000-7fbe2a5e2000 ---p 0000b000 08:01 1995                       /lib/x86_64-linux-gnu/libnss_nis-2.23.so
7fbe2a5e2000-7fbe2a5e3000 r--p 0000a000 08:01 1995                       /lib/x86_64-linux-gnu/libnss_nis-2.23.so
7fbe2a5e3000-7fbe2a5e4000 rw-p 0000b000 08:01 1995                       /lib/x86_64-linux-gnu/libnss_nis-2.23.so
7fbe2a5e4000-7fbe2a5fa000 r-xp 00000000 08:01 1968                       /lib/x86_64-linux-gnu/libnsl-2.23.so
7fbe2a5fa000-7fbe2a7f9000 ---p 00016000 08:01 1968                       /lib/x86_64-linux-gnu/libnsl-2.23.so
7fbe2a7f9000-7fbe2a7fa000 r--p 00015000 08:01 1968                       /lib/x86_64-linux-gnu/libnsl-2.23.so
7fbe2a7fa000-7fbe2a7fb000 rw-p 00016000 08:01 1968                       /lib/x86_64-linux-gnu/libnsl-2.23.so
7fbe2a7fb000-7fbe2a7fd000 rw-p 00000000 00:00 0 
7fbe2a7fd000-7fbe2a805000 r-xp 00000000 08:01 1983                       /lib/x86_64-linux-gnu/libnss_compat-2.23.so
7fbe2a805000-7fbe2aa04000 ---p 00008000 08:01 1983                       /lib/x86_64-linux-gnu/libnss_compat-2.23.so
7fbe2aa04000-7fbe2aa05000 r--p 00007000 08:01 1983                       /lib/x86_64-linux-gnu/libnss_compat-2.23.so
7fbe2aa05000-7fbe2aa06000 rw-p 00008000 08:01 1983                       /lib/x86_64-linux-gnu/libnss_compat-2.23.so
7fbe2aa06000-7fbe2aa31000 r-xp 00000000 08:01 262008                     /usr/lib/jvm/java-9-oracle/lib/libjava.so
7fbe2aa31000-7fbe2ac30000 ---p 0002b000 08:01 262008                     /usr/lib/jvm/java-9-oracle/lib/libjava.so
7fbe2ac30000-7fbe2ac32000 rw-p 0002a000 08:01 262008                     /usr/lib/jvm/java-9-oracle/lib/libjava.so
7fbe2ac32000-7fbe2ac3f000 r-xp 00000000 08:01 262033                     /usr/lib/jvm/java-9-oracle/lib/libverify.so
7fbe2ac3f000-7fbe2ae3e000 ---p 0000d000 08:01 262033                     /usr/lib/jvm/java-9-oracle/lib/libverify.so
7fbe2ae3e000-7fbe2ae40000 rw-p 0000c000 08:01 262033                     /usr/lib/jvm/java-9-oracle/lib/libverify.so
7fbe2ae40000-7fbe2ae47000 r-xp 00000000 08:01 1996                       /lib/x86_64-linux-gnu/librt-2.23.so
7fbe2ae47000-7fbe2b046000 ---p 00007000 08:01 1996                       /lib/x86_64-linux-gnu/librt-2.23.so
7fbe2b046000-7fbe2b047000 r--p 00006000 08:01 1996                       /lib/x86_64-linux-gnu/librt-2.23.so
7fbe2b047000-7fbe2b048000 rw-p 00007000 08:01 1996                       /lib/x86_64-linux-gnu/librt-2.23.so
7fbe2b048000-7fbe2b150000 r-xp 00000000 08:01 1967                       /lib/x86_64-linux-gnu/libm-2.23.so
7fbe2b150000-7fbe2b34f000 ---p 00108000 08:01 1967                       /lib/x86_64-linux-gnu/libm-2.23.so
7fbe2b34f000-7fbe2b350000 r--p 00107000 08:01 1967                       /lib/x86_64-linux-gnu/libm-2.23.so
7fbe2b350000-7fbe2b351000 rw-p 00108000 08:01 1967                       /lib/x86_64-linux-gnu/libm-2.23.so
7fbe2b351000-7fbe2c366000 r-xp 00000000 08:01 512576                     /usr/lib/jvm/java-9-oracle/lib/server/libjvm.so
7fbe2c366000-7fbe2c565000 ---p 01015000 08:01 512576                     /usr/lib/jvm/java-9-oracle/lib/server/libjvm.so
7fbe2c565000-7fbe2c636000 r--p 01014000 08:01 512576                     /usr/lib/jvm/java-9-oracle/lib/server/libjvm.so
7fbe2c636000-7fbe2c66d000 rw-p 010e5000 08:01 512576                     /usr/lib/jvm/java-9-oracle/lib/server/libjvm.so
7fbe2c66d000-7fbe2c6d6000 rw-p 00000000 00:00 0 
7fbe2c6d6000-7fbe2c896000 r-xp 00000000 08:01 1971                       /lib/x86_64-linux-gnu/libc-2.23.so
7fbe2c896000-7fbe2ca96000 ---p 001c0000 08:01 1971                       /lib/x86_64-linux-gnu/libc-2.23.so
7fbe2ca96000-7fbe2ca9a000 r--p 001c0000 08:01 1971                       /lib/x86_64-linux-gnu/libc-2.23.so
7fbe2ca9a000-7fbe2ca9c000 rw-p 001c4000 08:01 1971                       /lib/x86_64-linux-gnu/libc-2.23.so
7fbe2ca9c000-7fbe2caa0000 rw-p 00000000 00:00 0 
7fbe2caa0000-7fbe2caa3000 r-xp 00000000 08:01 1973                       /lib/x86_64-linux-gnu/libdl-2.23.so
7fbe2caa3000-7fbe2cca2000 ---p 00003000 08:01 1973                       /lib/x86_64-linux-gnu/libdl-2.23.so
7fbe2cca2000-7fbe2cca3000 r--p 00002000 08:01 1973                       /lib/x86_64-linux-gnu/libdl-2.23.so
7fbe2cca3000-7fbe2cca4000 rw-p 00003000 08:01 1973                       /lib/x86_64-linux-gnu/libdl-2.23.so
7fbe2cca4000-7fbe2ccb2000 r-xp 00000000 08:01 512578                     /usr/lib/jvm/java-9-oracle/lib/jli/libjli.so
7fbe2ccb2000-7fbe2ceb2000 ---p 0000e000 08:01 512578                     /usr/lib/jvm/java-9-oracle/lib/jli/libjli.so
7fbe2ceb2000-7fbe2ceb3000 rw-p 0000e000 08:01 512578                     /usr/lib/jvm/java-9-oracle/lib/jli/libjli.so
7fbe2ceb3000-7fbe2cecb000 r-xp 00000000 08:01 1970                       /lib/x86_64-linux-gnu/libpthread-2.23.so
7fbe2cecb000-7fbe2d0ca000 ---p 00018000 08:01 1970                       /lib/x86_64-linux-gnu/libpthread-2.23.so
7fbe2d0ca000-7fbe2d0cb000 r--p 00017000 08:01 1970                       /lib/x86_64-linux-gnu/libpthread-2.23.so
7fbe2d0cb000-7fbe2d0cc000 rw-p 00018000 08:01 1970                       /lib/x86_64-linux-gnu/libpthread-2.23.so
7fbe2d0cc000-7fbe2d0d0000 rw-p 00000000 00:00 0 
7fbe2d0d0000-7fbe2d0e9000 r-xp 00000000 08:01 2120                       /lib/x86_64-linux-gnu/libz.so.1.2.8
7fbe2d0e9000-7fbe2d2e8000 ---p 00019000 08:01 2120                       /lib/x86_64-linux-gnu/libz.so.1.2.8
7fbe2d2e8000-7fbe2d2e9000 r--p 00018000 08:01 2120                       /lib/x86_64-linux-gnu/libz.so.1.2.8
7fbe2d2e9000-7fbe2d2ea000 rw-p 00019000 08:01 2120                       /lib/x86_64-linux-gnu/libz.so.1.2.8
7fbe2d2ea000-7fbe2d310000 r-xp 00000000 08:01 1969                       /lib/x86_64-linux-gnu/ld-2.23.so
7fbe2d338000-7fbe2d33f000 r--s 00000000 08:01 24693                      /usr/lib/x86_64-linux-gnu/gconv/gconv-modules.cache
7fbe2d33f000-7fbe2d3f8000 rw-p 00000000 00:00 0 
7fbe2d3f8000-7fbe2d3ff000 ---p 00000000 00:00 0 
7fbe2d3ff000-7fbe2d404000 ---p 00000000 00:00 0 
7fbe2d404000-7fbe2d505000 rw-p 00000000 00:00 0 
7fbe2d505000-7fbe2d50d000 rw-s 00000000 08:01 5745                       /tmp/hsperfdata_vagrant/15516
7fbe2d50d000-7fbe2d50e000 rw-p 00000000 00:00 0 
7fbe2d50e000-7fbe2d50f000 ---p 00000000 00:00 0 
7fbe2d50f000-7fbe2d510000 r--p 00025000 08:01 1969                       /lib/x86_64-linux-gnu/ld-2.23.so
7fbe2d510000-7fbe2d511000 rw-p 00026000 08:01 1969                       /lib/x86_64-linux-gnu/ld-2.23.so
7fbe2d511000-7fbe2d512000 rw-p 00000000 00:00 0 
7ffd7eef0000-7ffd7ef11000 rw-p 00000000 00:00 0                          [stack]
7ffd7efed000-7ffd7eff0000 r--p 00000000 00:00 0                          [vvar]
7ffd7eff0000-7ffd7eff2000 r-xp 00000000 00:00 0                          [vdso]
ffffffffff600000-ffffffffff601000 r-xp 00000000 00:00 0                  [vsyscall]

VM Arguments:
jvm_args: -XX:+HeapDumpOnOutOfMemoryError -Xmx1024m -Dfile.encoding=UTF-8 -Duser.country=US -Duser.language=en -Duser.variant 
java_command: org.gradle.launcher.daemon.bootstrap.GradleDaemon 4.5
java_class_path (initial): /opt/gradle-4.5/lib/gradle-launcher-4.5.jar
Launcher Type: SUN_STANDARD

Logging:
Log output configuration:
#0: stdout all=warning uptime,level,tags
#1: stderr all=off uptime,level,tags

Environment Variables:
JAVA_HOME=/usr/lib/jvm/java-9-oracle
PATH=/home/vagrant/.opam/system/bin:/home/vagrant/bin:/home/vagrant/.local/bin:/usr/local/sbin:/usr/local/bin:/usr/sbin:/usr/bin:/sbin:/bin:/usr/games:/usr/local/games:/snap/bin:/usr/lib/jvm/java-9-oracle/bin:/usr/lib/jvm/java-9-oracle/db/bin:/home/vagrant/bin
SHELL=/bin/bash

Signal Handlers:
SIGSEGV: [libjvm.so+0xd4d370], sa_mask[0]=11111111011111111101111111111110, sa_flags=SA_RESTART|SA_SIGINFO
SIGBUS: [libjvm.so+0xd4d370], sa_mask[0]=11111111011111111101111111111110, sa_flags=SA_RESTART|SA_SIGINFO
SIGFPE: [libjvm.so+0xd4d370], sa_mask[0]=11111111011111111101111111111110, sa_flags=SA_RESTART|SA_SIGINFO
SIGPIPE: [libjvm.so+0xb64780], sa_mask[0]=11111111011111111101111111111110, sa_flags=SA_RESTART|SA_SIGINFO
SIGXFSZ: [libjvm.so+0xb64780], sa_mask[0]=11111111011111111101111111111110, sa_flags=SA_RESTART|SA_SIGINFO
SIGILL: [libjvm.so+0xd4d370], sa_mask[0]=11111111011111111101111111111110, sa_flags=SA_RESTART|SA_SIGINFO
SIGUSR2: [libjvm.so+0xb64640], sa_mask[0]=00100000000000000000000000000000, sa_flags=SA_RESTART|SA_SIGINFO
SIGHUP: [libjvm.so+0xb64850], sa_mask[0]=11111111011111111101111111111110, sa_flags=SA_RESTART|SA_SIGINFO
SIGINT: [libjvm.so+0xb64850], sa_mask[0]=11111111011111111101111111111110, sa_flags=SA_RESTART|SA_SIGINFO
SIGTERM: [libjvm.so+0xb64850], sa_mask[0]=11111111011111111101111111111110, sa_flags=SA_RESTART|SA_SIGINFO
SIGQUIT: [libjvm.so+0xb64850], sa_mask[0]=11111111011111111101111111111110, sa_flags=SA_RESTART|SA_SIGINFO


---------------  S Y S T E M  ---------------

OS:DISTRIB_ID=Ubuntu
DISTRIB_RELEASE=16.04
DISTRIB_CODENAME=xenial
DISTRIB_DESCRIPTION="Ubuntu 16.04.3 LTS"
uname:Linux 4.4.0-124-generic #148-Ubuntu SMP Wed May 2 13:00:18 UTC 2018 x86_64
libc:glibc 2.23 NPTL 2.23 
rlimit: STACK 8192k, CORE 0k, NPROC 3895, NOFILE 1048576, AS infinity
load average:0.73 0.48 0.44

/proc/meminfo:
MemTotal:        1015996 kB
MemFree:          144696 kB
MemAvailable:     118692 kB
Buffers:            4516 kB
Cached:            80956 kB
SwapCached:            0 kB
Active:           779144 kB
Inactive:          47844 kB
Active(anon):     744340 kB
Inactive(anon):     2720 kB
Active(file):      34804 kB
Inactive(file):    45124 kB
Unevictable:        3652 kB
Mlocked:            3652 kB
SwapTotal:             0 kB
SwapFree:              0 kB
Dirty:               176 kB
Writeback:             0 kB
AnonPages:        745172 kB
Mapped:            29772 kB
Shmem:              3120 kB
Slab:              22508 kB
SReclaimable:      10880 kB
SUnreclaim:        11628 kB
KernelStack:        2592 kB
PageTables:         4392 kB
NFS_Unstable:          0 kB
Bounce:                0 kB
WritebackTmp:          0 kB
CommitLimit:      507996 kB
Committed_AS:     900480 kB
VmallocTotal:   34359738367 kB
VmallocUsed:           0 kB
VmallocChunk:          0 kB
HardwareCorrupted:     0 kB
AnonHugePages:         0 kB
CmaTotal:              0 kB
CmaFree:               0 kB
HugePages_Total:       0
HugePages_Free:        0
HugePages_Rsvd:        0
HugePages_Surp:        0
Hugepagesize:       2048 kB
DirectMap4k:       38848 kB
DirectMap2M:     1009664 kB


CPU:total 1 (initial active 1) (1 cores per cpu, 1 threads per core) family 6 model 60 stepping 3, cmov, cx8, fxsr, mmx, sse, sse2, sse3, ssse3, sse4.1, sse4.2, popcnt, avx, avx2, aes, clmul, lzcnt, tsc, tscinvbit
CPU Model and flags from /proc/cpuinfo:
model name	: Intel(R) Core(TM) i7-4720HQ CPU @ 2.60GHz
flags		: fpu vme de pse tsc msr pae mce cx8 apic sep mtrr pge mca cmov pat pse36 clflush mmx fxsr sse sse2 syscall nx rdtscp lm constant_tsc rep_good nopl xtopology nonstop_tsc pni pclmulqdq monitor ssse3 cx16 sse4_1 sse4_2 x2apic movbe popcnt aes xsave avx rdrand hypervisor lahf_lm abm retpoline kaiser avx2

Memory: 4k page, physical 1015996k(144696k free), swap 0k(0k free)

vm_info: Java HotSpot(TM) 64-Bit Server VM (9.0.4+11) for linux-amd64 JRE (9.0.4+11), built on Dec 19 2017 18:12:19 by "mach5one" with gcc 4.9.2

END.
