#
# There is insufficient memory for the Java Runtime Environment to continue.
# Native memory allocation (mmap) failed to map 230289408 bytes for committing reserved memory.
# Possible reasons:
#   The system is out of physical RAM or swap space
#   The process is running with CompressedOops enabled, and the Java Heap may be blocking the growth of the native heap
# Possible solutions:
#   Reduce memory load on the system
#   Increase physical memory or swap space
#   Check if swap backing store is full
#   Decrease Java heap size (-Xmx/-Xms)
#   Decrease number of Java threads
#   Decrease Java thread stack sizes (-Xss)
#   Set larger code cache with -XX:ReservedCodeCacheSize=
#   JVM is running with Unscaled Compressed Oops mode in which the Java heap is
#     placed in the first 4GB address space. The Java Heap base address is the
#     maximum limit for the native heap growth. Please use -XX:HeapBaseMinAddress
#     to set the Java Heap base and to place the Java Heap above 4GB virtual address.
# This output file may be truncated or incomplete.
#
#  Out of Memory Error (os_linux.cpp:2647), pid=15583, tid=15588
#
# JRE version: Java(TM) SE Runtime Environment (9.0+11) (build 9.0.4+11)
# Java VM: Java HotSpot(TM) 64-Bit Server VM (9.0.4+11, mixed mode, tiered, compressed oops, serial gc, linux-amd64)
# Core dump will be written. Default location: Core dumps may be processed with "/usr/share/apport/apport %p %s %c %d %P" (or dumping to /home/vagrant/shared/xic/core.15583)
#

---------------  S U M M A R Y ------------

Command Line: -XX:+HeapDumpOnOutOfMemoryError -Xmx1024m -Dfile.encoding=UTF-8 -Duser.country=US -Duser.language=en -Duser.variant org.gradle.launcher.daemon.bootstrap.GradleDaemon 4.5

Host: Intel(R) Core(TM) i7-4720HQ CPU @ 2.60GHz, 1 cores, 992M, Ubuntu 16.04.3 LTS
Time: Thu May 17 00:55:31 2018 UTC elapsed time: 24 seconds (0d 0h 0m 24s)

---------------  T H R E A D  ---------------

Current thread (0x00007fba8008a000):  VMThread "VM Thread" [stack: 0x00007fba64c49000,0x00007fba64d49000] [id=15588]

Stack: [0x00007fba64c49000,0x00007fba64d49000],  sp=0x00007fba64d47260,  free space=1016k
Native frames: (J=compiled Java code, A=aot compiled Java code, j=interpreted, Vv=VM code, C=native code)
V  [libjvm.so+0xd4c6c2]  VMError::report_and_die(int, char const*, char const*, __va_list_tag*, Thread*, unsigned char*, void*, void*, char const*, int, unsigned long)+0x162
V  [libjvm.so+0xd4d32b]  VMError::report_and_die(Thread*, char const*, int, unsigned long, VMErrorType, char const*, __va_list_tag*)+0x2b
V  [libjvm.so+0x654ac8]  report_vm_out_of_memory(char const*, int, unsigned long, VMErrorType, char const*, ...)+0xd8
V  [libjvm.so+0xb68122]  os::pd_commit_memory(char*, unsigned long, unsigned long, bool)+0xf2
V  [libjvm.so+0xb625cf]  os::commit_memory(char*, unsigned long, unsigned long, bool)+0x1f
V  [libjvm.so+0xd46003]  VirtualSpace::expand_by(unsigned long, bool)+0x1c3
V  [libjvm.so+0x541031]  CardGeneration::grow_by(unsigned long)+0x31
V  [libjvm.so+0x5411c5]  CardGeneration::expand(unsigned long, unsigned long)+0x55
V  [libjvm.so+0xce3157]  TenuredGeneration::expand(unsigned long, unsigned long)+0x37
V  [libjvm.so+0x541a61]  CardGeneration::compute_new_size()+0x6d1
V  [libjvm.so+0x7987f8]  GenCollectedHeap::do_collection(bool, bool, unsigned long, bool, GenCollectedHeap::GenerationType)+0x988
V  [libjvm.so+0x5e271f]  GenCollectorPolicy::satisfy_failed_allocation(unsigned long, bool)+0x9f
V  [libjvm.so+0xd4d781]  VM_GenCollectForAllocation::doit()+0x81
V  [libjvm.so+0xd5d4f9]  VM_Operation::evaluate()+0x59
V  [libjvm.so+0xd5b243]  VMThread::evaluate_operation(VM_Operation*)+0xc3
V  [libjvm.so+0xd5b7b0]  VMThread::loop()+0x210
V  [libjvm.so+0xd5bcc2]  VMThread::run()+0x72
V  [libjvm.so+0xb6e132]  thread_native_entry(Thread*)+0xf2

VM_Operation (0x00007fba4634acb0): GenCollectForAllocation, mode: safepoint, requested by thread 0x00007fba58006800


---------------  P R O C E S S  ---------------

Java Threads: ( => current thread )
  0x00000000027b5800 JavaThread "Cache worker for Build Output Cleanup Cache (/home/vagrant/shared/xic/.gradle/buildOutputCleanup)" [_thread_blocked, id=15619, stack(0x00007fba44848000,0x00007fba44949000)]
  0x00000000027ab800 JavaThread "Cache worker for task history cache (/home/vagrant/shared/xic/.gradle/4.5/taskHistory)" [_thread_blocked, id=15618, stack(0x00007fba44747000,0x00007fba44848000)]
  0x00000000027ab000 JavaThread "Cache worker for file content cache (/home/vagrant/shared/xic/.gradle/4.5/fileContent)" [_thread_blocked, id=15617, stack(0x00007fba44646000,0x00007fba44747000)]
  0x00000000022f7000 JavaThread "Cache worker for Artifact transforms cache (/home/vagrant/.gradle/caches/transforms-1)" [_thread_blocked, id=15613, stack(0x00007fba44f49000,0x00007fba4504a000)]
  0x00000000022a7000 JavaThread "Memory manager" [_thread_blocked, id=15612, stack(0x00007fba4524a000,0x00007fba4534b000)]
  0x0000000001f4a800 JavaThread "Cache worker for file hash cache (/home/vagrant/shared/xic/.gradle/4.5/fileHashes)" [_thread_blocked, id=15611, stack(0x00007fba45b4b000,0x00007fba45c4c000)]
  0x0000000001f18000 JavaThread "File lock request listener" [_thread_in_native, id=15610, stack(0x00007fba45c4c000,0x00007fba45d4d000)]
  0x0000000001f09000 JavaThread "Cache worker for file hash cache (/home/vagrant/.gradle/caches/4.5/fileHashes)" [_thread_blocked, id=15609, stack(0x00007fba45f4d000,0x00007fba4604e000)]
  0x0000000001e12800 JavaThread "Stdin handler" [_thread_blocked, id=15608, stack(0x00007fba4604e000,0x00007fba4614f000)]
  0x0000000001e0f800 JavaThread "Asynchronous log dispatcher for DefaultDaemonConnection: socket connection from /0:0:0:0:0:0:0:1:41967 to /0:0:0:0:0:0:0:1:42822" [_thread_blocked, id=15606, stack(0x00007fba4614f000,0x00007fba46250000)]
  0x00007fba58006800 JavaThread "Daemon worker" [_thread_blocked, id=15604, stack(0x00007fba46250000,0x00007fba46351000)]
  0x00007fba58008800 JavaThread "Cancel handler" [_thread_blocked, id=15603, stack(0x00007fba46351000,0x00007fba46452000)]
  0x00007fba58005800 JavaThread "Handler for socket connection from /0:0:0:0:0:0:0:1:41967 to /0:0:0:0:0:0:0:1:42822" [_thread_in_native, id=15602, stack(0x00007fba46652000,0x00007fba46753000)]
  0x00007fba50018800 JavaThread "Daemon" [_thread_blocked, id=15601, stack(0x00007fba46753000,0x00007fba46854000)]
  0x00007fba80d24000 JavaThread "Daemon periodic checks" [_thread_blocked, id=15600, stack(0x00007fba46854000,0x00007fba46955000)]
  0x00007fba80d0c800 JavaThread "Incoming local TCP Connector on port 41967" [_thread_in_native, id=15599, stack(0x00007fba46955000,0x00007fba46a56000)]
  0x00007fba80cba800 JavaThread "Daemon health stats" [_thread_blocked, id=15598, stack(0x00007fba46c56000,0x00007fba46d57000)]
  0x00007fba80149800 JavaThread "Service Thread" daemon [_thread_blocked, id=15596, stack(0x00007fba47dfe000,0x00007fba47eff000)]
  0x00007fba800c9800 JavaThread "Common-Cleaner" daemon [_thread_blocked, id=15595, stack(0x00007fba47eff000,0x00007fba48000000)]
  0x00007fba800bd000 JavaThread "Sweeper thread" daemon [_thread_blocked, id=15594, stack(0x00007fba644aa000,0x00007fba645ab000)]
  0x00007fba800bb000 JavaThread "C1 CompilerThread1" daemon [_thread_blocked, id=15593, stack(0x00007fba645ab000,0x00007fba646ac000)]
  0x00007fba800b9000 JavaThread "C2 CompilerThread0" daemon [_thread_blocked, id=15592, stack(0x00007fba646ac000,0x00007fba647ad000)]
  0x00007fba800b7000 JavaThread "Signal Dispatcher" daemon [_thread_blocked, id=15591, stack(0x00007fba647ad000,0x00007fba648ae000)]
  0x00007fba8009c000 JavaThread "Finalizer" daemon [_thread_blocked, id=15590, stack(0x00007fba64a46000,0x00007fba64b47000)]
  0x00007fba80094000 JavaThread "Reference Handler" daemon [_thread_blocked, id=15589, stack(0x00007fba64b47000,0x00007fba64c48000)]
  0x00007fba80011800 JavaThread "main" [_thread_blocked, id=15584, stack(0x00007fba87640000,0x00007fba87740000)]

Other Threads:
=>0x00007fba8008a000 VMThread "VM Thread" [stack: 0x00007fba64c49000,0x00007fba64d49000] [id=15588]
  0x00007fba8014c000 WatcherThread [stack: 0x00007fba47cfe000,0x00007fba47dfe000] [id=15597]

Threads with active compile tasks:
C2 CompilerThread04483 %     4       parser.UnifiedExample::findExample @ 1234 (2214 bytes)

VM state:at safepoint (normal execution)

VM Mutex/Monitor currently owned by a thread:  ([mutex/lock_event])
[0x00007fba8000d8c0] Threads_lock - owner thread: 0x00007fba8008a000
[0x00007fba8000de60] Heap_lock - owner thread: 0x00007fba58006800

Heap address: 0x00000000c0000000, size: 1024 MB, Compressed Oops mode: 32-bit
Narrow klass base: 0x0000000000000000, Narrow klass shift: 3
Compressed class space size: 1073741824 Address: 0x0000000100000000

Heap:
 def new generation   total 139072K, used 4943K [0x00000000c0000000, 0x00000000c96e0000, 0x00000000d5550000)
  eden space 123648K,   3% used [0x00000000c0000000, 0x00000000c04d3ca8, 0x00000000c78c0000)
  from space 15424K,   0% used [0x00000000c78c0000, 0x00000000c78c0000, 0x00000000c87d0000)
  to   space 15424K,   0% used [0x00000000c87d0000, 0x00000000c87d0000, 0x00000000c96e0000)
 tenured generation   total 337336K, used 337335K [0x00000000d5550000, 0x00000000e9ebe000, 0x0000000100000000)
   the space 337336K,  99% used [0x00000000d5550000, 0x00000000e9ebdfe8, 0x00000000e9ebe000, 0x00000000e9ebe000)
 Metaspace       used 42446K, capacity 43464K, committed 43776K, reserved 1087488K
  class space    used 5527K, capacity 5784K, committed 5888K, reserved 1048576K

Card table byte_map: [0x00007fba65715000,0x00007fba65916000] byte_map_base: 0x00007fba65115000

Polling page: 0x00007fba8774e000

CodeHeap 'non-profiled nmethods': size=120036Kb used=1788Kb max_used=1788Kb free=118247Kb
 bounds [0x00007fba6d3dd000, 0x00007fba6d64d000, 0x00007fba74916000]
CodeHeap 'profiled nmethods': size=120032Kb used=8657Kb max_used=8657Kb free=111374Kb
 bounds [0x00007fba65ea5000, 0x00007fba66725000, 0x00007fba6d3dd000]
CodeHeap 'non-nmethods': size=5692Kb used=2306Kb max_used=2353Kb free=3385Kb
 bounds [0x00007fba65916000, 0x00007fba65b86000, 0x00007fba65ea5000]
 total_blobs=5916 nmethods=4447 adapters=644
 compilation: enabled

Compilation events (10 events):
Event: 17.765 Thread 0x00007fba800bb000 4484       2       java.lang.StringUTF16::compress (20 bytes)
Event: 17.765 Thread 0x00007fba800bb000 nmethod 4484 0x00007fba66717190 code [0x00007fba66717340, 0x00007fba66717560]
Event: 17.833 Thread 0x00007fba800bb000 4485       2       parser.Derivation::<init> (7 bytes)
Event: 17.834 Thread 0x00007fba800bb000 nmethod 4485 0x00007fba66717610 code [0x00007fba667177c0, 0x00007fba66717930]
Event: 20.040 Thread 0x00007fba800bb000 4488       2       java.lang.String::substring (58 bytes)
Event: 20.041 Thread 0x00007fba800bb000 nmethod 4488 0x00007fba66717a10 code [0x00007fba66717be0, 0x00007fba66717ec0]
Event: 20.854 Thread 0x00007fba800bb000 4489       2       java.util.stream.Collectors$$Lambda$57/1429351083::accept (11 bytes)
Event: 20.854 Thread 0x00007fba800bb000 nmethod 4489 0x00007fba66718010 code [0x00007fba667181c0, 0x00007fba66718380]
Event: 21.809 Thread 0x00007fba800bb000 4490       3       java.util.AbstractList::equals (117 bytes)
Event: 21.810 Thread 0x00007fba800bb000 nmethod 4490 0x00007fba66718490 code [0x00007fba66718700, 0x00007fba667193d8]

GC Heap History (10 events):
Event: 17.650 GC heap after
{Heap after GC invocations=56 (full 8):
 def new generation   total 139072K, used 15424K [0x00000000c0000000, 0x00000000c96e0000, 0x00000000d5550000)
  eden space 123648K,   0% used [0x00000000c0000000, 0x00000000c0000000, 0x00000000c78c0000)
  from space 15424K, 100% used [0x00000000c87d0000, 0x00000000c96e0000, 0x00000000c96e0000)
  to   space 15424K,   0% used [0x00000000c78c0000, 0x00000000c78c0000, 0x00000000c87d0000)
 tenured generation   total 308728K, used 225899K [0x00000000d5550000, 0x00000000e82ce000, 0x0000000100000000)
   the space 308728K,  73% used [0x00000000d5550000, 0x00000000e31eaef0, 0x00000000e31eb000, 0x00000000e82ce000)
 Metaspace       used 42433K, capacity 43460K, committed 43776K, reserved 1087488K
  class space    used 5526K, capacity 5784K, committed 5888K, reserved 1048576K
}
Event: 17.994 GC heap before
{Heap before GC invocations=56 (full 8):
 def new generation   total 139072K, used 139072K [0x00000000c0000000, 0x00000000c96e0000, 0x00000000d5550000)
  eden space 123648K, 100% used [0x00000000c0000000, 0x00000000c78c0000, 0x00000000c78c0000)
  from space 15424K, 100% used [0x00000000c87d0000, 0x00000000c96e0000, 0x00000000c96e0000)
  to   space 15424K,   0% used [0x00000000c78c0000, 0x00000000c78c0000, 0x00000000c87d0000)
 tenured generation   total 308728K, used 225899K [0x00000000d5550000, 0x00000000e82ce000, 0x0000000100000000)
   the space 308728K,  73% used [0x00000000d5550000, 0x00000000e31eaef0, 0x00000000e31eb000, 0x00000000e82ce000)
 Metaspace       used 42438K, capacity 43460K, committed 43776K, reserved 1087488K
  class space    used 5526K, capacity 5784K, committed 5888K, reserved 1048576K
}
Event: 18.568 GC heap after
{Heap after GC invocations=57 (full 8):
 def new generation   total 139072K, used 15423K [0x00000000c0000000, 0x00000000c96e0000, 0x00000000d5550000)
  eden space 123648K,   0% used [0x00000000c0000000, 0x00000000c0000000, 0x00000000c78c0000)
  from space 15424K,  99% used [0x00000000c78c0000, 0x00000000c87cfff8, 0x00000000c87d0000)
  to   space 15424K,   0% used [0x00000000c87d0000, 0x00000000c87d0000, 0x00000000c96e0000)
 tenured generation   total 308728K, used 289511K [0x00000000d5550000, 0x00000000e82ce000, 0x0000000100000000)
   the space 308728K,  93% used [0x00000000d5550000, 0x00000000e7009c40, 0x00000000e7009e00, 0x00000000e82ce000)
 Metaspace       used 42438K, capacity 43460K, committed 43776K, reserved 1087488K
  class space    used 5526K, capacity 5784K, committed 5888K, reserved 1048576K
}
Event: 18.903 GC heap before
{Heap before GC invocations=57 (full 8):
 def new generation   total 139072K, used 139071K [0x00000000c0000000, 0x00000000c96e0000, 0x00000000d5550000)
  eden space 123648K, 100% used [0x00000000c0000000, 0x00000000c78c0000, 0x00000000c78c0000)
  from space 15424K,  99% used [0x00000000c78c0000, 0x00000000c87cfff8, 0x00000000c87d0000)
  to   space 15424K,   0% used [0x00000000c87d0000, 0x00000000c87d0000, 0x00000000c96e0000)
 tenured generation   total 308728K, used 289511K [0x00000000d5550000, 0x00000000e82ce000, 0x0000000100000000)
   the space 308728K,  93% used [0x00000000d5550000, 0x00000000e7009c40, 0x00000000e7009e00, 0x00000000e82ce000)
 Metaspace       used 42438K, capacity 43460K, committed 43776K, reserved 1087488K
  class space    used 5526K, capacity 5784K, committed 5888K, reserved 1048576K
}
Event: 20.030 GC heap after
{Heap after GC invocations=58 (full 9):
 def new generation   total 139072K, used 0K [0x00000000c0000000, 0x00000000c96e0000, 0x00000000d5550000)
  eden space 123648K,   0% used [0x00000000c0000000, 0x00000000c0000000, 0x00000000c78c0000)
  from space 15424K,   0% used [0x00000000c87d0000, 0x00000000c87d0000, 0x00000000c96e0000)
  to   space 15424K,   0% used [0x00000000c78c0000, 0x00000000c78c0000, 0x00000000c87d0000)
 tenured generation   total 308728K, used 172416K [0x00000000d5550000, 0x00000000e82ce000, 0x0000000100000000)
   the space 308728K,  55% used [0x00000000d5550000, 0x00000000dfdb02c8, 0x00000000dfdb0400, 0x00000000e82ce000)
 Metaspace       used 42438K, capacity 43460K, committed 43776K, reserved 1087488K
  class space    used 5526K, capacity 5784K, committed 5888K, reserved 1048576K
}
Event: 20.415 GC heap before
{Heap before GC invocations=58 (full 9):
 def new generation   total 139072K, used 123648K [0x00000000c0000000, 0x00000000c96e0000, 0x00000000d5550000)
  eden space 123648K, 100% used [0x00000000c0000000, 0x00000000c78c0000, 0x00000000c78c0000)
  from space 15424K,   0% used [0x00000000c87d0000, 0x00000000c87d0000, 0x00000000c96e0000)
  to   space 15424K,   0% used [0x00000000c78c0000, 0x00000000c78c0000, 0x00000000c87d0000)
 tenured generation   total 308728K, used 172416K [0x00000000d5550000, 0x00000000e82ce000, 0x0000000100000000)
   the space 308728K,  55% used [0x00000000d5550000, 0x00000000dfdb02c8, 0x00000000dfdb0400, 0x00000000e82ce000)
 Metaspace       used 42445K, capacity 43460K, committed 43776K, reserved 1087488K
  class space    used 5527K, capacity 5784K, committed 5888K, reserved 1048576K
}
Event: 20.849 GC heap after
{Heap after GC invocations=59 (full 9):
 def new generation   total 139072K, used 15423K [0x00000000c0000000, 0x00000000c96e0000, 0x00000000d5550000)
  eden space 123648K,   0% used [0x00000000c0000000, 0x00000000c0000000, 0x00000000c78c0000)
  from space 15424K,  99% used [0x00000000c78c0000, 0x00000000c87cfff8, 0x00000000c87d0000)
  to   space 15424K,   0% used [0x00000000c87d0000, 0x00000000c87d0000, 0x00000000c96e0000)
 tenured generation   total 308728K, used 207798K [0x00000000d5550000, 0x00000000e82ce000, 0x0000000100000000)
   the space 308728K,  67% used [0x00000000d5550000, 0x00000000e203dba0, 0x00000000e203dc00, 0x00000000e82ce000)
 Metaspace       used 42445K, capacity 43460K, committed 43776K, reserved 1087488K
  class space    used 5527K, capacity 5784K, committed 5888K, reserved 1048576K
}
Event: 21.210 GC heap before
{Heap before GC invocations=59 (full 9):
 def new generation   total 139072K, used 139071K [0x00000000c0000000, 0x00000000c96e0000, 0x00000000d5550000)
  eden space 123648K, 100% used [0x00000000c0000000, 0x00000000c78c0000, 0x00000000c78c0000)
  from space 15424K,  99% used [0x00000000c78c0000, 0x00000000c87cfff8, 0x00000000c87d0000)
  to   space 15424K,   0% used [0x00000000c87d0000, 0x00000000c87d0000, 0x00000000c96e0000)
 tenured generation   total 308728K, used 207798K [0x00000000d5550000, 0x00000000e82ce000, 0x0000000100000000)
   the space 308728K,  67% used [0x00000000d5550000, 0x00000000e203dba0, 0x00000000e203dc00, 0x00000000e82ce000)
 Metaspace       used 42446K, capacity 43464K, committed 43776K, reserved 1087488K
  class space    used 5527K, capacity 5784K, committed 5888K, reserved 1048576K
}
Event: 21.533 GC heap after
{Heap after GC invocations=60 (full 9):
 def new generation   total 139072K, used 15424K [0x00000000c0000000, 0x00000000c96e0000, 0x00000000d5550000)
  eden space 123648K,   0% used [0x00000000c0000000, 0x00000000c0000000, 0x00000000c78c0000)
  from space 15424K, 100% used [0x00000000c87d0000, 0x00000000c96e0000, 0x00000000c96e0000)
  to   space 15424K,   0% used [0x00000000c78c0000, 0x00000000c78c0000, 0x00000000c87d0000)
 tenured generation   total 308728K, used 268100K [0x00000000d5550000, 0x00000000e82ce000, 0x0000000100000000)
   the space 308728K,  86% used [0x00000000d5550000, 0x00000000e5b21210, 0x00000000e5b21400, 0x00000000e82ce000)
 Metaspace       used 42446K, capacity 43464K, committed 43776K, reserved 1087488K
  class space    used 5527K, capacity 5784K, committed 5888K, reserved 1048576K
}
Event: 21.921 GC heap before
{Heap before GC invocations=60 (full 9):
 def new generation   total 139072K, used 139072K [0x00000000c0000000, 0x00000000c96e0000, 0x00000000d5550000)
  eden space 123648K, 100% used [0x00000000c0000000, 0x00000000c78c0000, 0x00000000c78c0000)
  from space 15424K, 100% used [0x00000000c87d0000, 0x00000000c96e0000, 0x00000000c96e0000)
  to   space 15424K,   0% used [0x00000000c78c0000, 0x00000000c78c0000, 0x00000000c87d0000)
 tenured generation   total 308728K, used 268100K [0x00000000d5550000, 0x00000000e82ce000, 0x0000000100000000)
   the space 308728K,  86% used [0x00000000d5550000, 0x00000000e5b21210, 0x00000000e5b21400, 0x00000000e82ce000)
 Metaspace       used 42446K, capacity 43464K, committed 43776K, reserved 1087488K
  class space    used 5527K, capacity 5784K, committed 5888K, reserved 1048576K
}

Deoptimization events (10 events):
Event: 12.268 Thread 0x00007fba58006800 Uncommon trap: reason=unstable_if action=reinterpret pc=0x00007fba6d503160 method=java.lang.String.getBytes([BIB)V @ 5 c2
Event: 12.612 Thread 0x00007fba58006800 Uncommon trap: reason=unstable_if action=reinterpret pc=0x00007fba6d573aa8 method=java.util.AbstractList.equals(Ljava/lang/Object;)Z @ 85 c2
Event: 16.924 Thread 0x00007fba58006800 Uncommon trap: reason=unstable_if action=reinterpret pc=0x00007fba6d581728 method=parser.UnifiedExample.add(Ljava/util/PriorityQueue;Ljava/util/Map;Ljava/util/Map;Lparser/UnifiedExample$SearchState;)V @ 33 c2
Event: 16.931 Thread 0x00007fba58006800 Uncommon trap: reason=unstable_if action=reinterpret pc=0x00007fba6d577fdc method=parser.StateItem.productionAllowed(Ljava_cup/production;Ljava_cup/production;)Z @ 38 c2
Event: 17.661 Thread 0x00007fba58006800 Uncommon trap: reason=unstable_if action=reinterpret pc=0x00007fba6d4d94a0 method=java.lang.String.getChars(II[CI)V @ 23 c2
Event: 17.661 Thread 0x00007fba58006800 Uncommon trap: reason=unstable_if action=reinterpret pc=0x00007fba6d4de578 method=java.lang.StringUTF16.compress([CII)[B @ 13 c2
Event: 17.661 Thread 0x00007fba58006800 Uncommon trap: reason=unstable_if action=reinterpret pc=0x00007fba6d42febc method=java.lang.String.substring(II)Ljava/lang/String; @ 31 c2
Event: 17.661 Thread 0x00007fba58006800 Uncommon trap: reason=unstable_if action=reinterpret pc=0x00007fba6d434278 method=java.lang.StringUTF16.compress([CI[BII)I @ 20 c2
Event: 20.976 Thread 0x00007fba58006800 Uncommon trap: reason=unstable_if action=reinterpret pc=0x00007fba6d59123c method=parser.UnifiedExample.findExample()Lparser/Counterexample; @ 116 c2
Event: 21.809 Thread 0x00007fba58006800 Uncommon trap: reason=unstable_if action=reinterpret pc=0x00007fba6d5795e4 method=java.util.AbstractList.equals(Ljava/lang/Object;)Z @ 46 c2

Classes redefined (0 events):
No events

Internal exceptions (10 events):
Event: 11.312 Thread 0x00007fba58006800 Exception <a 'java/lang/ClassNotFoundException'{0x00000000c0aed2c8}: groovy/runtime/metaclass/[Ljava/lang/String;MetaClass> (0x00000000c0aed2c8) thrown at [/scratch/opt/mach5/mesos/work_dir/slaves/5af44a71-976a-41b7-81de-5773b84ec572-S39643/frameworks/173
Event: 11.313 Thread 0x00007fba58006800 Exception <a 'java/lang/ClassNotFoundException'{0x00000000c0af3a20}: [Ljava/lang/String;BeanInfo> (0x00000000c0af3a20) thrown at [/scratch/opt/mach5/mesos/work_dir/slaves/5af44a71-976a-41b7-81de-5773b84ec572-S39643/frameworks/1735e8a2-a1db-478c-8104-60c8b
Event: 11.313 Thread 0x00007fba58006800 Exception <a 'java/lang/ClassNotFoundException'{0x00000000c0af4418}: [Ljava/lang/String;BeanInfo> (0x00000000c0af4418) thrown at [/scratch/opt/mach5/mesos/work_dir/slaves/5af44a71-976a-41b7-81de-5773b84ec572-S39643/frameworks/1735e8a2-a1db-478c-8104-60c8b
Event: 11.313 Thread 0x00007fba58006800 Exception <a 'java/lang/ClassNotFoundException'{0x00000000c0af4ed0}: [Ljava/lang/String;Customizer> (0x00000000c0af4ed0) thrown at [/scratch/opt/mach5/mesos/work_dir/slaves/5af44a71-976a-41b7-81de-5773b84ec572-S39643/frameworks/1735e8a2-a1db-478c-8104-60c
Event: 11.313 Thread 0x00007fba58006800 Exception <a 'java/lang/ClassNotFoundException'{0x00000000c0af58c8}: [Ljava/lang/String;Customizer> (0x00000000c0af58c8) thrown at [/scratch/opt/mach5/mesos/work_dir/slaves/5af44a71-976a-41b7-81de-5773b84ec572-S39643/frameworks/1735e8a2-a1db-478c-8104-60c
Event: 11.321 Thread 0x00007fba58006800 Exception <a 'java/lang/ClassNotFoundException'{0x00000000c0b3f9f0}: java_cup/MainBeanInfo> (0x00000000c0b3f9f0) thrown at [/scratch/opt/mach5/mesos/work_dir/slaves/5af44a71-976a-41b7-81de-5773b84ec572-S39643/frameworks/1735e8a2-a1db-478c-8104-60c8b0af87d
Event: 11.322 Thread 0x00007fba58006800 Exception <a 'java/lang/ClassNotFoundException'{0x00000000c0b44aa8}: java_cup/MainCustomizer> (0x00000000c0b44aa8) thrown at [/scratch/opt/mach5/mesos/work_dir/slaves/5af44a71-976a-41b7-81de-5773b84ec572-S39643/frameworks/1735e8a2-a1db-478c-8104-60c8b0af8
Event: 14.952 Thread 0x00000000022a7000 Exception <a 'java/io/IOException'{0x00000000c0004838}> (0x00000000c0004838) thrown at [/scratch/opt/mach5/mesos/work_dir/slaves/5af44a71-976a-41b7-81de-5773b84ec572-S39643/frameworks/1735e8a2-a1db-478c-8104-60c8b0af87dd-0196/executors/a3f74ad9-294f-4385-
Event: 20.031 Thread 0x00000000022a7000 Exception <a 'java/io/IOException'{0x00000000c0004840}> (0x00000000c0004840) thrown at [/scratch/opt/mach5/mesos/work_dir/slaves/5af44a71-976a-41b7-81de-5773b84ec572-S39643/frameworks/1735e8a2-a1db-478c-8104-60c8b0af87dd-0196/executors/a3f74ad9-294f-4385-
Event: 20.976 Thread 0x00007fba58006800 Implicit null exception at 0x00007fba6d58c564 to 0x00007fba6d591225

Events (10 events):
Event: 20.855 Executing VM operation: GenCollectForAllocation done
Event: 20.976 Thread 0x00007fba58006800 Uncommon trap: trap_request=0xffffff5d fr.pc=0x00007fba6d59123c relative=0x0000000000007b5c
Event: 20.976 Thread 0x00007fba58006800 DEOPT PACKING pc=0x00007fba6d59123c sp=0x00007fba4634b190
Event: 20.976 Thread 0x00007fba58006800 DEOPT UNPACKING pc=0x00007fba65963c9f sp=0x00007fba4634b198 mode 2
Event: 21.210 Executing VM operation: GenCollectForAllocation
Event: 21.539 Executing VM operation: GenCollectForAllocation done
Event: 21.808 Thread 0x00007fba58006800 Uncommon trap: trap_request=0xffffff5d fr.pc=0x00007fba6d5795e4 relative=0x00000000000003e4
Event: 21.809 Thread 0x00007fba58006800 DEOPT PACKING pc=0x00007fba6d5795e4 sp=0x00007fba4634abf0
Event: 21.809 Thread 0x00007fba58006800 DEOPT UNPACKING pc=0x00007fba65963c9f sp=0x00007fba4634aba0 mode 2
Event: 21.921 Executing VM operation: GenCollectForAllocation


Dynamic libraries:
00400000-00401000 r-xp 00000000 08:01 261585                             /usr/lib/jvm/java-9-oracle/bin/java
00600000-00601000 rw-p 00000000 08:01 261585                             /usr/lib/jvm/java-9-oracle/bin/java
01e06000-02801000 rw-p 00000000 00:00 0                                  [heap]
c0000000-c96e0000 rw-p 00000000 00:00 0 
c96e0000-d5550000 ---p 00000000 00:00 0 
d5550000-e9ebe000 rw-p 00000000 00:00 0 
f7a5d000-100000000 ---p 00000000 00:00 0 
100000000-1005c0000 rw-p 00000000 00:00 0 
1005c0000-140000000 ---p 00000000 00:00 0 
7fba44246000-7fba44346000 rw-p 00000000 00:00 0 
7fba44346000-7fba44446000 ---p 00000000 00:00 0 
7fba44446000-7fba44646000 rw-p 00000000 00:00 0 
7fba44646000-7fba4464a000 ---p 00000000 00:00 0 
7fba4464a000-7fba44747000 rw-p 00000000 00:00 0 
7fba44747000-7fba4474b000 ---p 00000000 00:00 0 
7fba4474b000-7fba44848000 rw-p 00000000 00:00 0 
7fba44848000-7fba4484c000 ---p 00000000 00:00 0 
7fba4484c000-7fba44b49000 rw-p 00000000 00:00 0 
7fba44b49000-7fba44d49000 rw-p 00000000 00:00 0 
7fba44d49000-7fba44f49000 rw-p 00000000 00:00 0 
7fba44f49000-7fba44f4d000 ---p 00000000 00:00 0 
7fba44f4d000-7fba4524a000 rw-p 00000000 00:00 0 
7fba4524a000-7fba4524e000 ---p 00000000 00:00 0 
7fba4524e000-7fba4554b000 rw-p 00000000 00:00 0 
7fba4554b000-7fba4574b000 rw-p 00000000 00:00 0 
7fba4574b000-7fba4594b000 rw-p 00000000 00:00 0 
7fba4594b000-7fba45b4b000 rw-p 00000000 00:00 0 
7fba45b4b000-7fba45b4f000 ---p 00000000 00:00 0 
7fba45b4f000-7fba45c4c000 rw-p 00000000 00:00 0 
7fba45c4c000-7fba45c50000 ---p 00000000 00:00 0 
7fba45c50000-7fba45f4d000 rw-p 00000000 00:00 0 
7fba45f4d000-7fba45f51000 ---p 00000000 00:00 0 
7fba45f51000-7fba4604e000 rw-p 00000000 00:00 0 
7fba4604e000-7fba46052000 ---p 00000000 00:00 0 
7fba46052000-7fba4614f000 rw-p 00000000 00:00 0 
7fba4614f000-7fba46153000 ---p 00000000 00:00 0 
7fba46153000-7fba46250000 rw-p 00000000 00:00 0 
7fba46250000-7fba46254000 ---p 00000000 00:00 0 
7fba46254000-7fba46351000 rw-p 00000000 00:00 0 
7fba46351000-7fba46355000 ---p 00000000 00:00 0 
7fba46355000-7fba46652000 rw-p 00000000 00:00 0 
7fba46652000-7fba46656000 ---p 00000000 00:00 0 
7fba46656000-7fba46753000 rw-p 00000000 00:00 0 
7fba46753000-7fba46757000 ---p 00000000 00:00 0 
7fba46757000-7fba46854000 rw-p 00000000 00:00 0 
7fba46854000-7fba46858000 ---p 00000000 00:00 0 
7fba46858000-7fba46955000 rw-p 00000000 00:00 0 
7fba46955000-7fba46959000 ---p 00000000 00:00 0 
7fba46959000-7fba46c56000 rw-p 00000000 00:00 0 
7fba46c56000-7fba46c5a000 ---p 00000000 00:00 0 
7fba46c5a000-7fba46d57000 rw-p 00000000 00:00 0 
7fba46d57000-7fba46d5c000 r-xp 00000000 08:01 262183                     /usr/lib/jvm/java-9-oracle/lib/libmanagement_ext.so
7fba46d5c000-7fba46f5b000 ---p 00005000 08:01 262183                     /usr/lib/jvm/java-9-oracle/lib/libmanagement_ext.so
7fba46f5b000-7fba46f5c000 rw-p 00004000 08:01 262183                     /usr/lib/jvm/java-9-oracle/lib/libmanagement_ext.so
7fba46f5c000-7fba46f60000 r-xp 00000000 08:01 262185                     /usr/lib/jvm/java-9-oracle/lib/libmanagement.so
7fba46f60000-7fba4715f000 ---p 00004000 08:01 262185                     /usr/lib/jvm/java-9-oracle/lib/libmanagement.so
7fba4715f000-7fba47160000 rw-p 00003000 08:01 262185                     /usr/lib/jvm/java-9-oracle/lib/libmanagement.so
7fba47160000-7fba47360000 rw-p 00000000 00:00 0 
7fba47360000-7fba47560000 rw-p 00000000 00:00 0 
7fba47560000-7fba47576000 r-xp 00000000 08:01 1965                       /lib/x86_64-linux-gnu/libgcc_s.so.1
7fba47576000-7fba47775000 ---p 00016000 08:01 1965                       /lib/x86_64-linux-gnu/libgcc_s.so.1
7fba47775000-7fba47776000 rw-p 00015000 08:01 1965                       /lib/x86_64-linux-gnu/libgcc_s.so.1
7fba47776000-7fba478e8000 r-xp 00000000 08:01 5549                       /usr/lib/x86_64-linux-gnu/libstdc++.so.6.0.21
7fba478e8000-7fba47ae8000 ---p 00172000 08:01 5549                       /usr/lib/x86_64-linux-gnu/libstdc++.so.6.0.21
7fba47ae8000-7fba47af2000 r--p 00172000 08:01 5549                       /usr/lib/x86_64-linux-gnu/libstdc++.so.6.0.21
7fba47af2000-7fba47af4000 rw-p 0017c000 08:01 5549                       /usr/lib/x86_64-linux-gnu/libstdc++.so.6.0.21
7fba47af4000-7fba47af8000 rw-p 00000000 00:00 0 
7fba47af8000-7fba47afd000 r-xp 00000000 08:01 256972                     /home/vagrant/.gradle/native/25/linux-amd64/libnative-platform.so
7fba47afd000-7fba47cfc000 ---p 00005000 08:01 256972                     /home/vagrant/.gradle/native/25/linux-amd64/libnative-platform.so
7fba47cfc000-7fba47cfd000 rw-p 00004000 08:01 256972                     /home/vagrant/.gradle/native/25/linux-amd64/libnative-platform.so
7fba47cfd000-7fba47cfe000 ---p 00000000 00:00 0 
7fba47cfe000-7fba47dfe000 rw-p 00000000 00:00 0 
7fba47dfe000-7fba47e02000 ---p 00000000 00:00 0 
7fba47e02000-7fba47eff000 rw-p 00000000 00:00 0 
7fba47eff000-7fba47f03000 ---p 00000000 00:00 0 
7fba47f03000-7fba48000000 rw-p 00000000 00:00 0 
7fba48000000-7fba48ccf000 rw-p 00000000 00:00 0 
7fba48ccf000-7fba4c000000 ---p 00000000 00:00 0 
7fba4c000000-7fba4c335000 rw-p 00000000 00:00 0 
7fba4c335000-7fba50000000 ---p 00000000 00:00 0 
7fba50000000-7fba50072000 rw-p 00000000 00:00 0 
7fba50072000-7fba54000000 ---p 00000000 00:00 0 
7fba54000000-7fba578bb000 rw-p 00000000 00:00 0 
7fba578bb000-7fba58000000 ---p 00000000 00:00 0 
7fba58000000-7fba58021000 rw-p 00000000 00:00 0 
7fba58021000-7fba5c000000 ---p 00000000 00:00 0 
7fba5c000000-7fba5c021000 rw-p 00000000 00:00 0 
7fba5c021000-7fba60000000 ---p 00000000 00:00 0 
7fba60000000-7fba60616000 rw-p 00000000 00:00 0 
7fba60616000-7fba64000000 ---p 00000000 00:00 0 
7fba64082000-7fba64098000 r-xp 00000000 08:01 262015                     /usr/lib/jvm/java-9-oracle/lib/libnet.so
7fba64098000-7fba64298000 ---p 00016000 08:01 262015                     /usr/lib/jvm/java-9-oracle/lib/libnet.so
7fba64298000-7fba64299000 rw-p 00016000 08:01 262015                     /usr/lib/jvm/java-9-oracle/lib/libnet.so
7fba64299000-7fba642a9000 r-xp 00000000 08:01 262197                     /usr/lib/jvm/java-9-oracle/lib/libnio.so
7fba642a9000-7fba644a9000 ---p 00010000 08:01 262197                     /usr/lib/jvm/java-9-oracle/lib/libnio.so
7fba644a9000-7fba644aa000 rw-p 00010000 08:01 262197                     /usr/lib/jvm/java-9-oracle/lib/libnio.so
7fba644aa000-7fba644ae000 ---p 00000000 00:00 0 
7fba644ae000-7fba645ab000 rw-p 00000000 00:00 0 
7fba645ab000-7fba645af000 ---p 00000000 00:00 0 
7fba645af000-7fba646ac000 rw-p 00000000 00:00 0 
7fba646ac000-7fba646b0000 ---p 00000000 00:00 0 
7fba646b0000-7fba647ad000 rw-p 00000000 00:00 0 
7fba647ad000-7fba647b1000 ---p 00000000 00:00 0 
7fba647b1000-7fba648ae000 rw-p 00000000 00:00 0 
7fba648ae000-7fba64a46000 r--p 00000000 08:01 28954                      /usr/lib/locale/locale-archive
7fba64a46000-7fba64a4a000 ---p 00000000 00:00 0 
7fba64a4a000-7fba64b47000 rw-p 00000000 00:00 0 
7fba64b47000-7fba64b4b000 ---p 00000000 00:00 0 
7fba64b4b000-7fba64c48000 rw-p 00000000 00:00 0 
7fba64c48000-7fba64c49000 ---p 00000000 00:00 0 
7fba64c49000-7fba655bf000 rw-p 00000000 00:00 0 
7fba655bf000-7fba65664000 rw-p 00000000 00:00 0 
7fba65664000-7fba65715000 ---p 00000000 00:00 0 
7fba65715000-7fba65761000 rw-p 00000000 00:00 0 
7fba65761000-7fba657bf000 ---p 00000000 00:00 0 
7fba657bf000-7fba65865000 rw-p 00000000 00:00 0 
7fba65865000-7fba65915000 ---p 00000000 00:00 0 
7fba65915000-7fba65916000 rw-p 00000000 00:00 0 
7fba65916000-7fba65b86000 rwxp 00000000 00:00 0 
7fba65b86000-7fba65ea5000 ---p 00000000 00:00 0 
7fba65ea5000-7fba66725000 rwxp 00000000 00:00 0 
7fba66725000-7fba6d3dd000 ---p 00000000 00:00 0 
7fba6d3dd000-7fba6d64d000 rwxp 00000000 00:00 0 
7fba6d64d000-7fba74916000 ---p 00000000 00:00 0 
7fba74916000-7fba7fdd3000 r--s 00000000 08:01 262161                     /usr/lib/jvm/java-9-oracle/lib/modules
7fba7fdd3000-7fba7fded000 r-xp 00000000 08:01 261972                     /usr/lib/jvm/java-9-oracle/lib/libjimage.so
7fba7fded000-7fba7ffec000 ---p 0001a000 08:01 261972                     /usr/lib/jvm/java-9-oracle/lib/libjimage.so
7fba7ffec000-7fba7ffee000 rw-p 00019000 08:01 261972                     /usr/lib/jvm/java-9-oracle/lib/libjimage.so
7fba7ffee000-7fba80000000 rw-p 00000000 00:00 0 
7fba80000000-7fba80d31000 rw-p 00000000 00:00 0 
7fba80d31000-7fba84000000 ---p 00000000 00:00 0 
7fba84029000-7fba8402e000 rw-p 00000000 00:00 0 
7fba8402e000-7fba84114000 ---p 00000000 00:00 0 
7fba84114000-7fba84125000 rw-p 00000000 00:00 0 
7fba84125000-7fba841ff000 ---p 00000000 00:00 0 
7fba841ff000-7fba84206000 r-xp 00000000 08:01 262302                     /usr/lib/jvm/java-9-oracle/lib/libzip.so
7fba84206000-7fba84405000 ---p 00007000 08:01 262302                     /usr/lib/jvm/java-9-oracle/lib/libzip.so
7fba84405000-7fba84406000 rw-p 00006000 08:01 262302                     /usr/lib/jvm/java-9-oracle/lib/libzip.so
7fba84406000-7fba84411000 r-xp 00000000 08:01 1991                       /lib/x86_64-linux-gnu/libnss_files-2.23.so
7fba84411000-7fba84610000 ---p 0000b000 08:01 1991                       /lib/x86_64-linux-gnu/libnss_files-2.23.so
7fba84610000-7fba84611000 r--p 0000a000 08:01 1991                       /lib/x86_64-linux-gnu/libnss_files-2.23.so
7fba84611000-7fba84612000 rw-p 0000b000 08:01 1991                       /lib/x86_64-linux-gnu/libnss_files-2.23.so
7fba84612000-7fba84618000 rw-p 00000000 00:00 0 
7fba84618000-7fba84623000 r-xp 00000000 08:01 1995                       /lib/x86_64-linux-gnu/libnss_nis-2.23.so
7fba84623000-7fba84822000 ---p 0000b000 08:01 1995                       /lib/x86_64-linux-gnu/libnss_nis-2.23.so
7fba84822000-7fba84823000 r--p 0000a000 08:01 1995                       /lib/x86_64-linux-gnu/libnss_nis-2.23.so
7fba84823000-7fba84824000 rw-p 0000b000 08:01 1995                       /lib/x86_64-linux-gnu/libnss_nis-2.23.so
7fba84824000-7fba8483a000 r-xp 00000000 08:01 1968                       /lib/x86_64-linux-gnu/libnsl-2.23.so
7fba8483a000-7fba84a39000 ---p 00016000 08:01 1968                       /lib/x86_64-linux-gnu/libnsl-2.23.so
7fba84a39000-7fba84a3a000 r--p 00015000 08:01 1968                       /lib/x86_64-linux-gnu/libnsl-2.23.so
7fba84a3a000-7fba84a3b000 rw-p 00016000 08:01 1968                       /lib/x86_64-linux-gnu/libnsl-2.23.so
7fba84a3b000-7fba84a3d000 rw-p 00000000 00:00 0 
7fba84a3d000-7fba84a45000 r-xp 00000000 08:01 1983                       /lib/x86_64-linux-gnu/libnss_compat-2.23.so
7fba84a45000-7fba84c44000 ---p 00008000 08:01 1983                       /lib/x86_64-linux-gnu/libnss_compat-2.23.so
7fba84c44000-7fba84c45000 r--p 00007000 08:01 1983                       /lib/x86_64-linux-gnu/libnss_compat-2.23.so
7fba84c45000-7fba84c46000 rw-p 00008000 08:01 1983                       /lib/x86_64-linux-gnu/libnss_compat-2.23.so
7fba84c46000-7fba84c71000 r-xp 00000000 08:01 262008                     /usr/lib/jvm/java-9-oracle/lib/libjava.so
7fba84c71000-7fba84e70000 ---p 0002b000 08:01 262008                     /usr/lib/jvm/java-9-oracle/lib/libjava.so
7fba84e70000-7fba84e72000 rw-p 0002a000 08:01 262008                     /usr/lib/jvm/java-9-oracle/lib/libjava.so
7fba84e72000-7fba84e7f000 r-xp 00000000 08:01 262033                     /usr/lib/jvm/java-9-oracle/lib/libverify.so
7fba84e7f000-7fba8507e000 ---p 0000d000 08:01 262033                     /usr/lib/jvm/java-9-oracle/lib/libverify.so
7fba8507e000-7fba85080000 rw-p 0000c000 08:01 262033                     /usr/lib/jvm/java-9-oracle/lib/libverify.so
7fba85080000-7fba85087000 r-xp 00000000 08:01 1996                       /lib/x86_64-linux-gnu/librt-2.23.so
7fba85087000-7fba85286000 ---p 00007000 08:01 1996                       /lib/x86_64-linux-gnu/librt-2.23.so
7fba85286000-7fba85287000 r--p 00006000 08:01 1996                       /lib/x86_64-linux-gnu/librt-2.23.so
7fba85287000-7fba85288000 rw-p 00007000 08:01 1996                       /lib/x86_64-linux-gnu/librt-2.23.so
7fba85288000-7fba85390000 r-xp 00000000 08:01 1967                       /lib/x86_64-linux-gnu/libm-2.23.so
7fba85390000-7fba8558f000 ---p 00108000 08:01 1967                       /lib/x86_64-linux-gnu/libm-2.23.so
7fba8558f000-7fba85590000 r--p 00107000 08:01 1967                       /lib/x86_64-linux-gnu/libm-2.23.so
7fba85590000-7fba85591000 rw-p 00108000 08:01 1967                       /lib/x86_64-linux-gnu/libm-2.23.so
7fba85591000-7fba865a6000 r-xp 00000000 08:01 512576                     /usr/lib/jvm/java-9-oracle/lib/server/libjvm.so
7fba865a6000-7fba867a5000 ---p 01015000 08:01 512576                     /usr/lib/jvm/java-9-oracle/lib/server/libjvm.so
7fba867a5000-7fba86876000 r--p 01014000 08:01 512576                     /usr/lib/jvm/java-9-oracle/lib/server/libjvm.so
7fba86876000-7fba868ad000 rw-p 010e5000 08:01 512576                     /usr/lib/jvm/java-9-oracle/lib/server/libjvm.so
7fba868ad000-7fba86916000 rw-p 00000000 00:00 0 
7fba86916000-7fba86ad6000 r-xp 00000000 08:01 1971                       /lib/x86_64-linux-gnu/libc-2.23.so
7fba86ad6000-7fba86cd6000 ---p 001c0000 08:01 1971                       /lib/x86_64-linux-gnu/libc-2.23.so
7fba86cd6000-7fba86cda000 r--p 001c0000 08:01 1971                       /lib/x86_64-linux-gnu/libc-2.23.so
7fba86cda000-7fba86cdc000 rw-p 001c4000 08:01 1971                       /lib/x86_64-linux-gnu/libc-2.23.so
7fba86cdc000-7fba86ce0000 rw-p 00000000 00:00 0 
7fba86ce0000-7fba86ce3000 r-xp 00000000 08:01 1973                       /lib/x86_64-linux-gnu/libdl-2.23.so
7fba86ce3000-7fba86ee2000 ---p 00003000 08:01 1973                       /lib/x86_64-linux-gnu/libdl-2.23.so
7fba86ee2000-7fba86ee3000 r--p 00002000 08:01 1973                       /lib/x86_64-linux-gnu/libdl-2.23.so
7fba86ee3000-7fba86ee4000 rw-p 00003000 08:01 1973                       /lib/x86_64-linux-gnu/libdl-2.23.so
7fba86ee4000-7fba86ef2000 r-xp 00000000 08:01 512578                     /usr/lib/jvm/java-9-oracle/lib/jli/libjli.so
7fba86ef2000-7fba870f2000 ---p 0000e000 08:01 512578                     /usr/lib/jvm/java-9-oracle/lib/jli/libjli.so
7fba870f2000-7fba870f3000 rw-p 0000e000 08:01 512578                     /usr/lib/jvm/java-9-oracle/lib/jli/libjli.so
7fba870f3000-7fba8710b000 r-xp 00000000 08:01 1970                       /lib/x86_64-linux-gnu/libpthread-2.23.so
7fba8710b000-7fba8730a000 ---p 00018000 08:01 1970                       /lib/x86_64-linux-gnu/libpthread-2.23.so
7fba8730a000-7fba8730b000 r--p 00017000 08:01 1970                       /lib/x86_64-linux-gnu/libpthread-2.23.so
7fba8730b000-7fba8730c000 rw-p 00018000 08:01 1970                       /lib/x86_64-linux-gnu/libpthread-2.23.so
7fba8730c000-7fba87310000 rw-p 00000000 00:00 0 
7fba87310000-7fba87329000 r-xp 00000000 08:01 2120                       /lib/x86_64-linux-gnu/libz.so.1.2.8
7fba87329000-7fba87528000 ---p 00019000 08:01 2120                       /lib/x86_64-linux-gnu/libz.so.1.2.8
7fba87528000-7fba87529000 r--p 00018000 08:01 2120                       /lib/x86_64-linux-gnu/libz.so.1.2.8
7fba87529000-7fba8752a000 rw-p 00019000 08:01 2120                       /lib/x86_64-linux-gnu/libz.so.1.2.8
7fba8752a000-7fba87550000 r-xp 00000000 08:01 1969                       /lib/x86_64-linux-gnu/ld-2.23.so
7fba87578000-7fba8757f000 r--s 00000000 08:01 24693                      /usr/lib/x86_64-linux-gnu/gconv/gconv-modules.cache
7fba8757f000-7fba87638000 rw-p 00000000 00:00 0 
7fba87638000-7fba8763f000 ---p 00000000 00:00 0 
7fba8763f000-7fba87644000 ---p 00000000 00:00 0 
7fba87644000-7fba87745000 rw-p 00000000 00:00 0 
7fba87745000-7fba8774d000 rw-s 00000000 08:01 5745                       /tmp/hsperfdata_vagrant/15583
7fba8774d000-7fba8774e000 rw-p 00000000 00:00 0 
7fba8774e000-7fba8774f000 ---p 00000000 00:00 0 
7fba8774f000-7fba87750000 r--p 00025000 08:01 1969                       /lib/x86_64-linux-gnu/ld-2.23.so
7fba87750000-7fba87751000 rw-p 00026000 08:01 1969                       /lib/x86_64-linux-gnu/ld-2.23.so
7fba87751000-7fba87752000 rw-p 00000000 00:00 0 
7ffdea5fa000-7ffdea61b000 rw-p 00000000 00:00 0                          [stack]
7ffdea6f1000-7ffdea6f4000 r--p 00000000 00:00 0                          [vvar]
7ffdea6f4000-7ffdea6f6000 r-xp 00000000 00:00 0                          [vdso]
ffffffffff600000-ffffffffff601000 r-xp 00000000 00:00 0                  [vsyscall]

VM Arguments:
jvm_args: -XX:+HeapDumpOnOutOfMemoryError -Xmx1024m -Dfile.encoding=UTF-8 -Duser.country=US -Duser.language=en -Duser.variant 
java_command: org.gradle.launcher.daemon.bootstrap.GradleDaemon 4.5
java_class_path (initial): /opt/gradle-4.5/lib/gradle-launcher-4.5.jar
Launcher Type: SUN_STANDARD

Logging:
Log output configuration:
#0: stdout all=warning uptime,level,tags
#1: stderr all=off uptime,level,tags

Environment Variables:
JAVA_HOME=/usr/lib/jvm/java-9-oracle
PATH=/home/vagrant/.opam/system/bin:/home/vagrant/bin:/home/vagrant/.local/bin:/usr/local/sbin:/usr/local/bin:/usr/sbin:/usr/bin:/sbin:/bin:/usr/games:/usr/local/games:/snap/bin:/usr/lib/jvm/java-9-oracle/bin:/usr/lib/jvm/java-9-oracle/db/bin:/home/vagrant/bin
SHELL=/bin/bash

Signal Handlers:
SIGSEGV: [libjvm.so+0xd4d370], sa_mask[0]=11111111011111111101111111111110, sa_flags=SA_RESTART|SA_SIGINFO
SIGBUS: [libjvm.so+0xd4d370], sa_mask[0]=11111111011111111101111111111110, sa_flags=SA_RESTART|SA_SIGINFO
SIGFPE: [libjvm.so+0xd4d370], sa_mask[0]=11111111011111111101111111111110, sa_flags=SA_RESTART|SA_SIGINFO
SIGPIPE: [libjvm.so+0xb64780], sa_mask[0]=11111111011111111101111111111110, sa_flags=SA_RESTART|SA_SIGINFO
SIGXFSZ: [libjvm.so+0xb64780], sa_mask[0]=11111111011111111101111111111110, sa_flags=SA_RESTART|SA_SIGINFO
SIGILL: [libjvm.so+0xd4d370], sa_mask[0]=11111111011111111101111111111110, sa_flags=SA_RESTART|SA_SIGINFO
SIGUSR2: [libjvm.so+0xb64640], sa_mask[0]=00100000000000000000000000000000, sa_flags=SA_RESTART|SA_SIGINFO
SIGHUP: [libjvm.so+0xb64850], sa_mask[0]=11111111011111111101111111111110, sa_flags=SA_RESTART|SA_SIGINFO
SIGINT: [libjvm.so+0xb64850], sa_mask[0]=11111111011111111101111111111110, sa_flags=SA_RESTART|SA_SIGINFO
SIGTERM: [libjvm.so+0xb64850], sa_mask[0]=11111111011111111101111111111110, sa_flags=SA_RESTART|SA_SIGINFO
SIGQUIT: [libjvm.so+0xb64850], sa_mask[0]=11111111011111111101111111111110, sa_flags=SA_RESTART|SA_SIGINFO


---------------  S Y S T E M  ---------------

OS:DISTRIB_ID=Ubuntu
DISTRIB_RELEASE=16.04
DISTRIB_CODENAME=xenial
DISTRIB_DESCRIPTION="Ubuntu 16.04.3 LTS"
uname:Linux 4.4.0-124-generic #148-Ubuntu SMP Wed May 2 13:00:18 UTC 2018 x86_64
libc:glibc 2.23 NPTL 2.23 
rlimit: STACK 8192k, CORE 0k, NPROC 3895, NOFILE 1048576, AS infinity
load average:0.80 0.51 0.45

/proc/meminfo:
MemTotal:        1015996 kB
MemFree:          157964 kB
MemAvailable:     132008 kB
Buffers:            4572 kB
Cached:            80992 kB
SwapCached:            0 kB
Active:           788988 kB
Inactive:          24864 kB
Active(anon):     731112 kB
Inactive(anon):     2720 kB
Active(file):      57876 kB
Inactive(file):    22144 kB
Unevictable:        3652 kB
Mlocked:            3652 kB
SwapTotal:             0 kB
SwapFree:              0 kB
Dirty:               172 kB
Writeback:             0 kB
AnonPages:        731956 kB
Mapped:            29600 kB
Shmem:              3120 kB
Slab:              22500 kB
SReclaimable:      10880 kB
SUnreclaim:        11620 kB
KernelStack:        2576 kB
PageTables:         4380 kB
NFS_Unstable:          0 kB
Bounce:                0 kB
WritebackTmp:          0 kB
CommitLimit:      507996 kB
Committed_AS:     872588 kB
VmallocTotal:   34359738367 kB
VmallocUsed:           0 kB
VmallocChunk:          0 kB
HardwareCorrupted:     0 kB
AnonHugePages:         0 kB
CmaTotal:              0 kB
CmaFree:               0 kB
HugePages_Total:       0
HugePages_Free:        0
HugePages_Rsvd:        0
HugePages_Surp:        0
Hugepagesize:       2048 kB
DirectMap4k:       38848 kB
DirectMap2M:     1009664 kB


CPU:total 1 (initial active 1) (1 cores per cpu, 1 threads per core) family 6 model 60 stepping 3, cmov, cx8, fxsr, mmx, sse, sse2, sse3, ssse3, sse4.1, sse4.2, popcnt, avx, avx2, aes, clmul, lzcnt, tsc, tscinvbit
CPU Model and flags from /proc/cpuinfo:
model name	: Intel(R) Core(TM) i7-4720HQ CPU @ 2.60GHz
flags		: fpu vme de pse tsc msr pae mce cx8 apic sep mtrr pge mca cmov pat pse36 clflush mmx fxsr sse sse2 syscall nx rdtscp lm constant_tsc rep_good nopl xtopology nonstop_tsc pni pclmulqdq monitor ssse3 cx16 sse4_1 sse4_2 x2apic movbe popcnt aes xsave avx rdrand hypervisor lahf_lm abm retpoline kaiser avx2

Memory: 4k page, physical 1015996k(157964k free), swap 0k(0k free)

vm_info: Java HotSpot(TM) 64-Bit Server VM (9.0.4+11) for linux-amd64 JRE (9.0.4+11), built on Dec 19 2017 18:12:19 by "mach5one" with gcc 4.9.2

END.
